[2021-10-23 17:27:50] [ INFO ] [LibreriaMenu:53] App.main(): >>>>>> Comienza la ejecución del main.
[2021-10-23 17:27:50] [ DEBUG] [logging:44] Logging Provider: org.jboss.logging.Log4jLoggerProvider
[2021-10-23 17:27:50] [ DEBUG] [IntegratorServiceImpl:46] Adding Integrator [org.hibernate.cfg.beanvalidation.BeanValidationIntegrator].
[2021-10-23 17:27:50] [ DEBUG] [IntegratorServiceImpl:46] Adding Integrator [org.hibernate.secure.spi.JaccIntegrator].
[2021-10-23 17:27:50] [ DEBUG] [IntegratorServiceImpl:46] Adding Integrator [org.hibernate.cache.internal.CollectionCacheInvalidator].
[2021-10-23 17:27:50] [ TRACE] [StrategySelectorImpl:85] Registering named strategy selector [org.hibernate.resource.transaction.spi.TransactionCoordinatorBuilder] : [jdbc] -> [org.hibernate.resource.transaction.backend.jdbc.internal.JdbcResourceLocalTransactionCoordinatorBuilderImpl]
[2021-10-23 17:27:50] [ TRACE] [StrategySelectorImpl:85] Registering named strategy selector [org.hibernate.resource.transaction.spi.TransactionCoordinatorBuilder] : [jta] -> [org.hibernate.resource.transaction.backend.jta.internal.JtaTransactionCoordinatorBuilderImpl]
[2021-10-23 17:27:50] [ TRACE] [StrategySelectorImpl:85] Registering named strategy selector [org.hibernate.resource.transaction.spi.TransactionCoordinatorBuilder] : [org.hibernate.transaction.JDBCTransactionFactory] -> [org.hibernate.resource.transaction.backend.jdbc.internal.JdbcResourceLocalTransactionCoordinatorBuilderImpl]
[2021-10-23 17:27:50] [ TRACE] [StrategySelectorImpl:85] Registering named strategy selector [org.hibernate.resource.transaction.spi.TransactionCoordinatorBuilder] : [org.hibernate.transaction.JTATransactionFactory] -> [org.hibernate.resource.transaction.backend.jta.internal.JtaTransactionCoordinatorBuilderImpl]
[2021-10-23 17:27:50] [ TRACE] [StrategySelectorImpl:85] Registering named strategy selector [org.hibernate.resource.transaction.spi.TransactionCoordinatorBuilder] : [org.hibernate.transaction.CMTTransactionFactory] -> [org.hibernate.resource.transaction.backend.jta.internal.JtaTransactionCoordinatorBuilderImpl]
[2021-10-23 17:27:50] [ TRACE] [StrategySelectorImpl:85] Registering named strategy selector [org.hibernate.hql.spi.id.MultiTableBulkIdStrategy] : [persistent] -> [org.hibernate.hql.spi.id.persistent.PersistentTableBulkIdStrategy]
[2021-10-23 17:27:50] [ TRACE] [StrategySelectorImpl:85] Registering named strategy selector [org.hibernate.hql.spi.id.MultiTableBulkIdStrategy] : [global_temporary] -> [org.hibernate.hql.spi.id.global.GlobalTemporaryTableBulkIdStrategy]
[2021-10-23 17:27:50] [ TRACE] [StrategySelectorImpl:85] Registering named strategy selector [org.hibernate.hql.spi.id.MultiTableBulkIdStrategy] : [local_temporary] -> [org.hibernate.hql.spi.id.local.LocalTemporaryTableBulkIdStrategy]
[2021-10-23 17:27:50] [ TRACE] [StrategySelectorImpl:85] Registering named strategy selector [org.hibernate.boot.model.naming.ImplicitNamingStrategy] : [default] -> [org.hibernate.boot.model.naming.ImplicitNamingStrategyJpaCompliantImpl]
[2021-10-23 17:27:50] [ TRACE] [StrategySelectorImpl:85] Registering named strategy selector [org.hibernate.boot.model.naming.ImplicitNamingStrategy] : [jpa] -> [org.hibernate.boot.model.naming.ImplicitNamingStrategyJpaCompliantImpl]
[2021-10-23 17:27:50] [ TRACE] [StrategySelectorImpl:85] Registering named strategy selector [org.hibernate.boot.model.naming.ImplicitNamingStrategy] : [legacy-jpa] -> [org.hibernate.boot.model.naming.ImplicitNamingStrategyLegacyJpaImpl]
[2021-10-23 17:27:50] [ TRACE] [StrategySelectorImpl:85] Registering named strategy selector [org.hibernate.boot.model.naming.ImplicitNamingStrategy] : [legacy-hbm] -> [org.hibernate.boot.model.naming.ImplicitNamingStrategyLegacyHbmImpl]
[2021-10-23 17:27:50] [ TRACE] [StrategySelectorImpl:85] Registering named strategy selector [org.hibernate.boot.model.naming.ImplicitNamingStrategy] : [component-path] -> [org.hibernate.boot.model.naming.ImplicitNamingStrategyComponentPathImpl]
[2021-10-23 17:27:50] [ TRACE] [StrategySelectorImpl:85] Registering named strategy selector [org.hibernate.cache.spi.CacheKeysFactory] : [default] -> [org.hibernate.cache.internal.DefaultCacheKeysFactory]
[2021-10-23 17:27:50] [ TRACE] [StrategySelectorImpl:85] Registering named strategy selector [org.hibernate.cache.spi.CacheKeysFactory] : [simple] -> [org.hibernate.cache.internal.SimpleCacheKeysFactory]
[2021-10-23 17:27:50] [ INFO ] [Version:44] HHH000412: Hibernate ORM core version 5.6.0.Final
[2021-10-23 17:27:50] [ DEBUG] [Environment:199] HHH000206: hibernate.properties not found
[2021-10-23 17:27:51] [ TRACE] [ClassLoaderServiceImpl:182] trying via [new URL("hibernate.cfg.xml")]
[2021-10-23 17:27:51] [ TRACE] [ClassLoaderServiceImpl:193] trying via [ClassLoader.getResourceAsStream("hibernate.cfg.xml")]
[2021-10-23 17:27:51] [ TRACE] [LocalXmlResourceResolver:35] In resolveEntity(-//Hibernate/Hibernate Configuration DTD 3.0//EN, http://www.hibernate.org/dtd/hibernate-configuration-3.0.dtd, null, null)
[2021-10-23 17:27:51] [ DEBUG] [LocalXmlResourceResolver:63] Interpreting public/system identifier : [-//Hibernate/Hibernate Configuration DTD 3.0//EN] - [http://www.hibernate.org/dtd/hibernate-configuration-3.0.dtd]
[2021-10-23 17:27:51] [ DEBUG] [LocalXmlResourceResolver:91] Recognized hibernate-configuration identifier; attempting to resolve on classpath under org/hibernate/
[2021-10-23 17:27:51] [ DEBUG] [JaxbCfgProcessor:117] cfg.xml document did not define namespaces; wrapping in custom event reader to introduce namespace information
[2021-10-23 17:27:51] [ DEBUG] [ServiceBinding:68] Overriding existing service binding [org.hibernate.secure.spi.JaccService]
[2021-10-23 17:27:51] [ TRACE] [AbstractServiceRegistryImpl:233] Initializing service [role=org.hibernate.engine.config.spi.ConfigurationService]
[2021-10-23 17:27:51] [ TRACE] [AbstractServiceRegistryImpl:233] Initializing service [role=org.hibernate.cache.spi.RegionFactory]
[2021-10-23 17:27:51] [ DEBUG] [RegionFactoryInitiator:118] Cannot default RegionFactory based on registered strategies as `[]` RegionFactory strategies were registered
[2021-10-23 17:27:51] [ DEBUG] [RegionFactoryInitiator:49] Cache region factory : org.hibernate.cache.internal.NoCachingRegionFactory
[2021-10-23 17:27:51] [ INFO ] [Version:56] HCANN000001: Hibernate Commons Annotations {5.1.2.Final}
[2021-10-23 17:27:51] [ DEBUG] [BasicTypeRegistry:157] Adding type registration boolean -> org.hibernate.type.BooleanType@6c8bca63
[2021-10-23 17:27:51] [ DEBUG] [BasicTypeRegistry:157] Adding type registration boolean -> org.hibernate.type.BooleanType@6c8bca63
[2021-10-23 17:27:51] [ DEBUG] [BasicTypeRegistry:157] Adding type registration java.lang.Boolean -> org.hibernate.type.BooleanType@6c8bca63
[2021-10-23 17:27:51] [ DEBUG] [BasicTypeRegistry:157] Adding type registration numeric_boolean -> org.hibernate.type.NumericBooleanType@292d1c71
[2021-10-23 17:27:51] [ DEBUG] [BasicTypeRegistry:157] Adding type registration true_false -> org.hibernate.type.TrueFalseType@5ddabb18
[2021-10-23 17:27:51] [ DEBUG] [BasicTypeRegistry:157] Adding type registration yes_no -> org.hibernate.type.YesNoType@58e6d4b8
[2021-10-23 17:27:51] [ DEBUG] [BasicTypeRegistry:157] Adding type registration byte -> org.hibernate.type.ByteType@3ce3db41
[2021-10-23 17:27:51] [ DEBUG] [BasicTypeRegistry:157] Adding type registration byte -> org.hibernate.type.ByteType@3ce3db41
[2021-10-23 17:27:51] [ DEBUG] [BasicTypeRegistry:157] Adding type registration java.lang.Byte -> org.hibernate.type.ByteType@3ce3db41
[2021-10-23 17:27:51] [ DEBUG] [BasicTypeRegistry:157] Adding type registration character -> org.hibernate.type.CharacterType@7c56e013
[2021-10-23 17:27:51] [ DEBUG] [BasicTypeRegistry:157] Adding type registration char -> org.hibernate.type.CharacterType@7c56e013
[2021-10-23 17:27:51] [ DEBUG] [BasicTypeRegistry:157] Adding type registration java.lang.Character -> org.hibernate.type.CharacterType@7c56e013
[2021-10-23 17:27:51] [ DEBUG] [BasicTypeRegistry:157] Adding type registration short -> org.hibernate.type.ShortType@34a1d21f
[2021-10-23 17:27:51] [ DEBUG] [BasicTypeRegistry:157] Adding type registration short -> org.hibernate.type.ShortType@34a1d21f
[2021-10-23 17:27:51] [ DEBUG] [BasicTypeRegistry:157] Adding type registration java.lang.Short -> org.hibernate.type.ShortType@34a1d21f
[2021-10-23 17:27:51] [ DEBUG] [BasicTypeRegistry:157] Adding type registration integer -> org.hibernate.type.IntegerType@2cb3d0f7
[2021-10-23 17:27:51] [ DEBUG] [BasicTypeRegistry:157] Adding type registration int -> org.hibernate.type.IntegerType@2cb3d0f7
[2021-10-23 17:27:51] [ DEBUG] [BasicTypeRegistry:157] Adding type registration java.lang.Integer -> org.hibernate.type.IntegerType@2cb3d0f7
[2021-10-23 17:27:51] [ DEBUG] [BasicTypeRegistry:157] Adding type registration long -> org.hibernate.type.LongType@1ddae9b5
[2021-10-23 17:27:51] [ DEBUG] [BasicTypeRegistry:157] Adding type registration long -> org.hibernate.type.LongType@1ddae9b5
[2021-10-23 17:27:51] [ DEBUG] [BasicTypeRegistry:157] Adding type registration java.lang.Long -> org.hibernate.type.LongType@1ddae9b5
[2021-10-23 17:27:51] [ DEBUG] [BasicTypeRegistry:157] Adding type registration float -> org.hibernate.type.FloatType@67389cb8
[2021-10-23 17:27:51] [ DEBUG] [BasicTypeRegistry:157] Adding type registration float -> org.hibernate.type.FloatType@67389cb8
[2021-10-23 17:27:51] [ DEBUG] [BasicTypeRegistry:157] Adding type registration java.lang.Float -> org.hibernate.type.FloatType@67389cb8
[2021-10-23 17:27:51] [ DEBUG] [BasicTypeRegistry:157] Adding type registration double -> org.hibernate.type.DoubleType@346939bf
[2021-10-23 17:27:51] [ DEBUG] [BasicTypeRegistry:157] Adding type registration double -> org.hibernate.type.DoubleType@346939bf
[2021-10-23 17:27:51] [ DEBUG] [BasicTypeRegistry:157] Adding type registration java.lang.Double -> org.hibernate.type.DoubleType@346939bf
[2021-10-23 17:27:51] [ DEBUG] [BasicTypeRegistry:157] Adding type registration big_decimal -> org.hibernate.type.BigDecimalType@6e4de19b
[2021-10-23 17:27:51] [ DEBUG] [BasicTypeRegistry:157] Adding type registration java.math.BigDecimal -> org.hibernate.type.BigDecimalType@6e4de19b
[2021-10-23 17:27:51] [ DEBUG] [BasicTypeRegistry:157] Adding type registration big_integer -> org.hibernate.type.BigIntegerType@10650953
[2021-10-23 17:27:51] [ DEBUG] [BasicTypeRegistry:157] Adding type registration java.math.BigInteger -> org.hibernate.type.BigIntegerType@10650953
[2021-10-23 17:27:51] [ DEBUG] [BasicTypeRegistry:157] Adding type registration string -> org.hibernate.type.StringType@7db82169
[2021-10-23 17:27:51] [ DEBUG] [BasicTypeRegistry:157] Adding type registration java.lang.String -> org.hibernate.type.StringType@7db82169
[2021-10-23 17:27:51] [ DEBUG] [BasicTypeRegistry:157] Adding type registration nstring -> org.hibernate.type.StringNVarcharType@3f28bd56
[2021-10-23 17:27:51] [ DEBUG] [BasicTypeRegistry:157] Adding type registration ncharacter -> org.hibernate.type.CharacterNCharType@5be067de
[2021-10-23 17:27:51] [ DEBUG] [BasicTypeRegistry:157] Adding type registration url -> org.hibernate.type.UrlType@6722db6e
[2021-10-23 17:27:51] [ DEBUG] [BasicTypeRegistry:157] Adding type registration java.net.URL -> org.hibernate.type.UrlType@6722db6e
[2021-10-23 17:27:51] [ DEBUG] [BasicTypeRegistry:157] Adding type registration Duration -> org.hibernate.type.DurationType@6d0b5baf
[2021-10-23 17:27:51] [ DEBUG] [BasicTypeRegistry:157] Adding type registration java.time.Duration -> org.hibernate.type.DurationType@6d0b5baf
[2021-10-23 17:27:51] [ DEBUG] [BasicTypeRegistry:157] Adding type registration Instant -> org.hibernate.type.InstantType@592e843a
[2021-10-23 17:27:51] [ DEBUG] [BasicTypeRegistry:157] Adding type registration java.time.Instant -> org.hibernate.type.InstantType@592e843a
[2021-10-23 17:27:51] [ DEBUG] [BasicTypeRegistry:157] Adding type registration LocalDateTime -> org.hibernate.type.LocalDateTimeType@4ebea12c
[2021-10-23 17:27:51] [ DEBUG] [BasicTypeRegistry:157] Adding type registration java.time.LocalDateTime -> org.hibernate.type.LocalDateTimeType@4ebea12c
[2021-10-23 17:27:51] [ DEBUG] [BasicTypeRegistry:157] Adding type registration LocalDate -> org.hibernate.type.LocalDateType@c7a975a
[2021-10-23 17:27:51] [ DEBUG] [BasicTypeRegistry:157] Adding type registration java.time.LocalDate -> org.hibernate.type.LocalDateType@c7a975a
[2021-10-23 17:27:51] [ DEBUG] [BasicTypeRegistry:157] Adding type registration LocalTime -> org.hibernate.type.LocalTimeType@fd0e5b6
[2021-10-23 17:27:51] [ DEBUG] [BasicTypeRegistry:157] Adding type registration java.time.LocalTime -> org.hibernate.type.LocalTimeType@fd0e5b6
[2021-10-23 17:27:51] [ DEBUG] [BasicTypeRegistry:157] Adding type registration OffsetDateTime -> org.hibernate.type.OffsetDateTimeType@716a7124
[2021-10-23 17:27:51] [ DEBUG] [BasicTypeRegistry:157] Adding type registration java.time.OffsetDateTime -> org.hibernate.type.OffsetDateTimeType@716a7124
[2021-10-23 17:27:51] [ DEBUG] [BasicTypeRegistry:157] Adding type registration OffsetTime -> org.hibernate.type.OffsetTimeType@89c10b7
[2021-10-23 17:27:51] [ DEBUG] [BasicTypeRegistry:157] Adding type registration java.time.OffsetTime -> org.hibernate.type.OffsetTimeType@89c10b7
[2021-10-23 17:27:51] [ DEBUG] [BasicTypeRegistry:157] Adding type registration ZonedDateTime -> org.hibernate.type.ZonedDateTimeType@76c7beb3
[2021-10-23 17:27:51] [ DEBUG] [BasicTypeRegistry:157] Adding type registration java.time.ZonedDateTime -> org.hibernate.type.ZonedDateTimeType@76c7beb3
[2021-10-23 17:27:51] [ DEBUG] [BasicTypeRegistry:157] Adding type registration date -> org.hibernate.type.DateType@41a90fa8
[2021-10-23 17:27:51] [ DEBUG] [BasicTypeRegistry:157] Adding type registration java.sql.Date -> org.hibernate.type.DateType@41a90fa8
[2021-10-23 17:27:51] [ DEBUG] [BasicTypeRegistry:157] Adding type registration time -> org.hibernate.type.TimeType@4f936da8
[2021-10-23 17:27:51] [ DEBUG] [BasicTypeRegistry:157] Adding type registration java.sql.Time -> org.hibernate.type.TimeType@4f936da8
[2021-10-23 17:27:51] [ DEBUG] [BasicTypeRegistry:157] Adding type registration timestamp -> org.hibernate.type.TimestampType@26fb628
[2021-10-23 17:27:51] [ DEBUG] [BasicTypeRegistry:157] Adding type registration java.sql.Timestamp -> org.hibernate.type.TimestampType@26fb628
[2021-10-23 17:27:51] [ DEBUG] [BasicTypeRegistry:157] Adding type registration java.util.Date -> org.hibernate.type.TimestampType@26fb628
[2021-10-23 17:27:51] [ DEBUG] [BasicTypeRegistry:157] Adding type registration dbtimestamp -> org.hibernate.type.DbTimestampType@35beb15e
[2021-10-23 17:27:51] [ DEBUG] [BasicTypeRegistry:157] Adding type registration calendar -> org.hibernate.type.CalendarType@63c5efee
[2021-10-23 17:27:51] [ DEBUG] [BasicTypeRegistry:157] Adding type registration java.util.Calendar -> org.hibernate.type.CalendarType@63c5efee
[2021-10-23 17:27:51] [ DEBUG] [BasicTypeRegistry:157] Adding type registration java.util.GregorianCalendar -> org.hibernate.type.CalendarType@63c5efee
[2021-10-23 17:27:51] [ DEBUG] [BasicTypeRegistry:157] Adding type registration calendar_date -> org.hibernate.type.CalendarDateType@71e5f61d
[2021-10-23 17:27:51] [ DEBUG] [BasicTypeRegistry:157] Adding type registration calendar_time -> org.hibernate.type.CalendarTimeType@6a62689d
[2021-10-23 17:27:51] [ DEBUG] [BasicTypeRegistry:157] Adding type registration locale -> org.hibernate.type.LocaleType@69c79f09
[2021-10-23 17:27:51] [ DEBUG] [BasicTypeRegistry:157] Adding type registration java.util.Locale -> org.hibernate.type.LocaleType@69c79f09
[2021-10-23 17:27:51] [ DEBUG] [BasicTypeRegistry:157] Adding type registration currency -> org.hibernate.type.CurrencyType@62679465
[2021-10-23 17:27:51] [ DEBUG] [BasicTypeRegistry:157] Adding type registration java.util.Currency -> org.hibernate.type.CurrencyType@62679465
[2021-10-23 17:27:51] [ DEBUG] [BasicTypeRegistry:157] Adding type registration timezone -> org.hibernate.type.TimeZoneType@2552f2cb
[2021-10-23 17:27:51] [ DEBUG] [BasicTypeRegistry:157] Adding type registration java.util.TimeZone -> org.hibernate.type.TimeZoneType@2552f2cb
[2021-10-23 17:27:51] [ DEBUG] [BasicTypeRegistry:157] Adding type registration class -> org.hibernate.type.ClassType@94f6bfb
[2021-10-23 17:27:51] [ DEBUG] [BasicTypeRegistry:157] Adding type registration java.lang.Class -> org.hibernate.type.ClassType@94f6bfb
[2021-10-23 17:27:51] [ DEBUG] [BasicTypeRegistry:157] Adding type registration uuid-binary -> org.hibernate.type.UUIDBinaryType@5f59185e
[2021-10-23 17:27:51] [ DEBUG] [BasicTypeRegistry:157] Adding type registration java.util.UUID -> org.hibernate.type.UUIDBinaryType@5f59185e
[2021-10-23 17:27:51] [ DEBUG] [BasicTypeRegistry:157] Adding type registration uuid-char -> org.hibernate.type.UUIDCharType@46e8a539
[2021-10-23 17:27:51] [ DEBUG] [BasicTypeRegistry:157] Adding type registration binary -> org.hibernate.type.BinaryType@1e5f4170
[2021-10-23 17:27:51] [ DEBUG] [BasicTypeRegistry:157] Adding type registration byte[] -> org.hibernate.type.BinaryType@1e5f4170
[2021-10-23 17:27:51] [ DEBUG] [BasicTypeRegistry:157] Adding type registration [B -> org.hibernate.type.BinaryType@1e5f4170
[2021-10-23 17:27:51] [ DEBUG] [BasicTypeRegistry:157] Adding type registration wrapper-binary -> org.hibernate.type.WrapperBinaryType@3af17be2
[2021-10-23 17:27:51] [ DEBUG] [BasicTypeRegistry:157] Adding type registration Byte[] -> org.hibernate.type.WrapperBinaryType@3af17be2
[2021-10-23 17:27:51] [ DEBUG] [BasicTypeRegistry:157] Adding type registration [Ljava.lang.Byte; -> org.hibernate.type.WrapperBinaryType@3af17be2
[2021-10-23 17:27:51] [ DEBUG] [BasicTypeRegistry:157] Adding type registration row_version -> org.hibernate.type.RowVersionType@303e3593
[2021-10-23 17:27:51] [ DEBUG] [BasicTypeRegistry:157] Adding type registration image -> org.hibernate.type.ImageType@5c48c0c0
[2021-10-23 17:27:51] [ DEBUG] [BasicTypeRegistry:157] Adding type registration characters -> org.hibernate.type.CharArrayType@439a8f59
[2021-10-23 17:27:51] [ DEBUG] [BasicTypeRegistry:157] Adding type registration char[] -> org.hibernate.type.CharArrayType@439a8f59
[2021-10-23 17:27:51] [ DEBUG] [BasicTypeRegistry:157] Adding type registration [C -> org.hibernate.type.CharArrayType@439a8f59
[2021-10-23 17:27:51] [ DEBUG] [BasicTypeRegistry:157] Adding type registration wrapper-characters -> org.hibernate.type.CharacterArrayType@3a4e343
[2021-10-23 17:27:51] [ DEBUG] [BasicTypeRegistry:157] Adding type registration [Ljava.lang.Character; -> org.hibernate.type.CharacterArrayType@3a4e343
[2021-10-23 17:27:51] [ DEBUG] [BasicTypeRegistry:157] Adding type registration Character[] -> org.hibernate.type.CharacterArrayType@3a4e343
[2021-10-23 17:27:51] [ DEBUG] [BasicTypeRegistry:157] Adding type registration text -> org.hibernate.type.TextType@6fff253c
[2021-10-23 17:27:51] [ DEBUG] [BasicTypeRegistry:157] Adding type registration ntext -> org.hibernate.type.NTextType@2f94c4db
[2021-10-23 17:27:51] [ DEBUG] [BasicTypeRegistry:157] Adding type registration blob -> org.hibernate.type.BlobType@5df417a7
[2021-10-23 17:27:51] [ DEBUG] [BasicTypeRegistry:157] Adding type registration java.sql.Blob -> org.hibernate.type.BlobType@5df417a7
[2021-10-23 17:27:51] [ DEBUG] [BasicTypeRegistry:157] Adding type registration materialized_blob -> org.hibernate.type.MaterializedBlobType@1cb3ec38
[2021-10-23 17:27:51] [ DEBUG] [BasicTypeRegistry:157] Adding type registration clob -> org.hibernate.type.ClobType@285d851a
[2021-10-23 17:27:51] [ DEBUG] [BasicTypeRegistry:157] Adding type registration java.sql.Clob -> org.hibernate.type.ClobType@285d851a
[2021-10-23 17:27:51] [ DEBUG] [BasicTypeRegistry:157] Adding type registration nclob -> org.hibernate.type.NClobType@72f46e16
[2021-10-23 17:27:51] [ DEBUG] [BasicTypeRegistry:157] Adding type registration java.sql.NClob -> org.hibernate.type.NClobType@72f46e16
[2021-10-23 17:27:51] [ DEBUG] [BasicTypeRegistry:157] Adding type registration materialized_clob -> org.hibernate.type.MaterializedClobType@54361a9
[2021-10-23 17:27:51] [ DEBUG] [BasicTypeRegistry:157] Adding type registration materialized_nclob -> org.hibernate.type.MaterializedNClobType@293bb8a5
[2021-10-23 17:27:51] [ DEBUG] [BasicTypeRegistry:157] Adding type registration serializable -> org.hibernate.type.SerializableType@47874b25
[2021-10-23 17:27:51] [ DEBUG] [BasicTypeRegistry:157] Adding type registration object -> org.hibernate.type.ObjectType@29cfd92b
[2021-10-23 17:27:51] [ DEBUG] [BasicTypeRegistry:157] Adding type registration java.lang.Object -> org.hibernate.type.ObjectType@29cfd92b
[2021-10-23 17:27:51] [ DEBUG] [BasicTypeRegistry:157] Adding type registration imm_date -> org.hibernate.type.AdaptedImmutableType@460f76a6
[2021-10-23 17:27:51] [ DEBUG] [BasicTypeRegistry:157] Adding type registration imm_time -> org.hibernate.type.AdaptedImmutableType@55f3c410
[2021-10-23 17:27:51] [ DEBUG] [BasicTypeRegistry:157] Adding type registration imm_timestamp -> org.hibernate.type.AdaptedImmutableType@11acdc30
[2021-10-23 17:27:51] [ DEBUG] [BasicTypeRegistry:157] Adding type registration imm_dbtimestamp -> org.hibernate.type.AdaptedImmutableType@770d4269
[2021-10-23 17:27:51] [ DEBUG] [BasicTypeRegistry:157] Adding type registration imm_calendar -> org.hibernate.type.AdaptedImmutableType@4a8ab068
[2021-10-23 17:27:51] [ DEBUG] [BasicTypeRegistry:157] Adding type registration imm_calendar_date -> org.hibernate.type.AdaptedImmutableType@1922e6d
[2021-10-23 17:27:51] [ DEBUG] [BasicTypeRegistry:157] Adding type registration imm_binary -> org.hibernate.type.AdaptedImmutableType@76a82f33
[2021-10-23 17:27:51] [ DEBUG] [BasicTypeRegistry:157] Adding type registration imm_serializable -> org.hibernate.type.AdaptedImmutableType@6bab2585
[2021-10-23 17:27:51] [ TRACE] [AbstractServiceRegistryImpl:233] Initializing service [role=org.hibernate.boot.cfgxml.spi.CfgXmlAccessService]
[2021-10-23 17:27:51] [ TRACE] [XmlMappingBinderAccess:51] reading mappings from resource : Departamento.hbm.xml
[2021-10-23 17:27:51] [ TRACE] [LocalXmlResourceResolver:35] In resolveEntity(-//Hibernate/Hibernate Mapping DTD 3.0//EN, http://www.hibernate.org/dtd/hibernate-mapping-3.0.dtd, null, null)
[2021-10-23 17:27:51] [ DEBUG] [LocalXmlResourceResolver:63] Interpreting public/system identifier : [-//Hibernate/Hibernate Mapping DTD 3.0//EN] - [http://www.hibernate.org/dtd/hibernate-mapping-3.0.dtd]
[2021-10-23 17:27:51] [ DEBUG] [LocalXmlResourceResolver:65] Recognized hibernate-mapping identifier; attempting to resolve on classpath under org/hibernate/
[2021-10-23 17:27:51] [ DEBUG] [MappingBinder:50] Performing JAXB binding of hbm.xml document : Origin(name=Departamento.hbm.xml,type=RESOURCE)
[2021-10-23 17:27:52] [ TRACE] [XmlMappingBinderAccess:51] reading mappings from resource : Empleado.hbm.xml
[2021-10-23 17:27:52] [ TRACE] [LocalXmlResourceResolver:35] In resolveEntity(-//Hibernate/Hibernate Mapping DTD 3.0//EN, http://www.hibernate.org/dtd/hibernate-mapping-3.0.dtd, null, null)
[2021-10-23 17:27:52] [ DEBUG] [LocalXmlResourceResolver:63] Interpreting public/system identifier : [-//Hibernate/Hibernate Mapping DTD 3.0//EN] - [http://www.hibernate.org/dtd/hibernate-mapping-3.0.dtd]
[2021-10-23 17:27:52] [ DEBUG] [LocalXmlResourceResolver:65] Recognized hibernate-mapping identifier; attempting to resolve on classpath under org/hibernate/
[2021-10-23 17:27:52] [ DEBUG] [MappingBinder:50] Performing JAXB binding of hbm.xml document : Origin(name=Empleado.hbm.xml,type=RESOURCE)
[2021-10-23 17:27:52] [ TRACE] [AbstractServiceRegistryImpl:233] Initializing service [role=org.hibernate.id.factory.spi.MutableIdentifierGeneratorFactory]
[2021-10-23 17:27:52] [ DEBUG] [DefaultIdentifierGeneratorFactory:99] Registering IdentifierGenerator strategy [uuid2] -> [org.hibernate.id.UUIDGenerator]
[2021-10-23 17:27:52] [ DEBUG] [DefaultIdentifierGeneratorFactory:99] Registering IdentifierGenerator strategy [guid] -> [org.hibernate.id.GUIDGenerator]
[2021-10-23 17:27:52] [ DEBUG] [DefaultIdentifierGeneratorFactory:99] Registering IdentifierGenerator strategy [uuid] -> [org.hibernate.id.UUIDHexGenerator]
[2021-10-23 17:27:52] [ DEBUG] [DefaultIdentifierGeneratorFactory:99] Registering IdentifierGenerator strategy [uuid.hex] -> [org.hibernate.id.UUIDHexGenerator]
[2021-10-23 17:27:52] [ DEBUG] [DefaultIdentifierGeneratorFactory:99] Registering IdentifierGenerator strategy [assigned] -> [org.hibernate.id.Assigned]
[2021-10-23 17:27:52] [ DEBUG] [DefaultIdentifierGeneratorFactory:99] Registering IdentifierGenerator strategy [identity] -> [org.hibernate.id.IdentityGenerator]
[2021-10-23 17:27:52] [ DEBUG] [DefaultIdentifierGeneratorFactory:99] Registering IdentifierGenerator strategy [select] -> [org.hibernate.id.SelectGenerator]
[2021-10-23 17:27:52] [ DEBUG] [DefaultIdentifierGeneratorFactory:99] Registering IdentifierGenerator strategy [sequence] -> [org.hibernate.id.enhanced.SequenceStyleGenerator]
[2021-10-23 17:27:52] [ DEBUG] [DefaultIdentifierGeneratorFactory:99] Registering IdentifierGenerator strategy [seqhilo] -> [org.hibernate.id.SequenceHiLoGenerator]
[2021-10-23 17:27:52] [ DEBUG] [DefaultIdentifierGeneratorFactory:99] Registering IdentifierGenerator strategy [increment] -> [org.hibernate.id.IncrementGenerator]
[2021-10-23 17:27:52] [ DEBUG] [DefaultIdentifierGeneratorFactory:99] Registering IdentifierGenerator strategy [foreign] -> [org.hibernate.id.ForeignGenerator]
[2021-10-23 17:27:52] [ DEBUG] [DefaultIdentifierGeneratorFactory:99] Registering IdentifierGenerator strategy [sequence-identity] -> [org.hibernate.id.SequenceIdentityGenerator]
[2021-10-23 17:27:52] [ DEBUG] [DefaultIdentifierGeneratorFactory:99] Registering IdentifierGenerator strategy [enhanced-sequence] -> [org.hibernate.id.enhanced.SequenceStyleGenerator]
[2021-10-23 17:27:52] [ DEBUG] [DefaultIdentifierGeneratorFactory:99] Registering IdentifierGenerator strategy [enhanced-table] -> [org.hibernate.id.enhanced.TableGenerator]
[2021-10-23 17:27:52] [ TRACE] [AbstractServiceRegistryImpl:233] Initializing service [role=org.hibernate.engine.jdbc.env.spi.JdbcEnvironment]
[2021-10-23 17:27:52] [ TRACE] [AbstractServiceRegistryImpl:233] Initializing service [role=org.hibernate.engine.jdbc.dialect.spi.DialectFactory]
[2021-10-23 17:27:52] [ TRACE] [AbstractServiceRegistryImpl:233] Initializing service [role=org.hibernate.engine.jdbc.dialect.spi.DialectResolver]
[2021-10-23 17:27:52] [ TRACE] [AbstractServiceRegistryImpl:233] Initializing service [role=org.hibernate.engine.jdbc.connections.spi.ConnectionProvider]
[2021-10-23 17:27:52] [ WARN ] [pooling:72] HHH10001002: Using Hibernate built-in connection pool (not for production use!)
[2021-10-23 17:27:52] [ INFO ] [pooling:115] HHH10001005: using driver [com.mysql.cj.jdbc.Driver] at URL [jdbc:mysql://localhost:3306/empresa?useSSL=false&serverTimezone=UTC]
[2021-10-23 17:27:52] [ INFO ] [pooling:121] HHH10001001: Connection properties: {password=, user=root}
[2021-10-23 17:27:52] [ INFO ] [pooling:129] HHH10001003: Autocommit mode: false
[2021-10-23 17:27:52] [ DEBUG] [DriverManagerConnectionProviderImpl:384] Initializing Connection pool with 1 Connections
[2021-10-23 17:27:52] [ INFO ] [DriverManagerConnectionProviderImpl:274] HHH000115: Hibernate connection pool size: 3 (min=1)
[2021-10-23 17:27:53] [ DEBUG] [JdbcEnvironmentInitiator:72] Database ->
       name : MySQL
    version : 5.5.5-10.4.21-MariaDB
      major : 5
      minor : 5
[2021-10-23 17:27:53] [ DEBUG] [JdbcEnvironmentInitiator:83] Driver ->
       name : MySQL Connector/J
    version : mysql-connector-java-8.0.25 (Revision: 08be9e9b4cba6aa115f9b27b215887af40b159e0)
      major : 8
      minor : 0
[2021-10-23 17:27:53] [ DEBUG] [JdbcEnvironmentInitiator:389] JDBC version : 4.2
[2021-10-23 17:27:53] [ INFO ] [Dialect:175] HHH000400: Using dialect: org.hibernate.dialect.MySQL8Dialect
[2021-10-23 17:27:53] [ DEBUG] [IdentifierHelperBuilder:119] JDBC driver metadata reported database stores quoted identifiers in more than one case
[2021-10-23 17:27:53] [ DEBUG] [IdentifierHelperBuilder:197] IdentifierCaseStrategy for both quoted and unquoted identifiers was set to the same strategy [LOWER]; that will likely lead to problems in schema update and validation if using quoted identifiers
[2021-10-23 17:27:53] [ TRACE] [NormalizingIdentifierHelperImpl:59] Normalizing identifier quoting [empresa]
[2021-10-23 17:27:53] [ TRACE] [NormalizingIdentifierHelperImpl:59] Normalizing identifier quoting [null]
[2021-10-23 17:27:53] [ TRACE] [AbstractServiceRegistryImpl:233] Initializing service [role=org.hibernate.resource.beans.spi.ManagedBeanRegistry]
[2021-10-23 17:27:53] [ TRACE] [AbstractServiceRegistryImpl:233] Initializing service [role=org.hibernate.engine.jdbc.spi.JdbcServices]
[2021-10-23 17:27:53] [ DEBUG] [Namespace:51] Created database namespace [logicalName=Name{catalog=null, schema=null}, physicalName=Name{catalog=null, schema=null}]
[2021-10-23 17:27:53] [ DEBUG] [TypeConfiguration$Scope:149] Scoping TypeConfiguration [org.hibernate.type.spi.TypeConfiguration@3f672204] to MetadataBuildingContext [org.hibernate.boot.internal.MetadataBuildingContextRootImpl@78b41097]
[2021-10-23 17:27:53] [ TRACE] [EntityHierarchyBuilder:89] Indexing mapping document [Origin(name=Departamento.hbm.xml,type=RESOURCE)] for purpose of building entity hierarchy ordering
[2021-10-23 17:27:53] [ TRACE] [EntityHierarchyBuilder:89] Indexing mapping document [Origin(name=Empleado.hbm.xml,type=RESOURCE)] for purpose of building entity hierarchy ordering
[2021-10-23 17:27:53] [ TRACE] [InFlightMetadataCollectorImpl:724] Import: empresaHibernate.Departamento -> empresaHibernate.Departamento
[2021-10-23 17:27:53] [ TRACE] [InFlightMetadataCollectorImpl:724] Import: Departamento -> empresaHibernate.Departamento
[2021-10-23 17:27:53] [ TRACE] [NormalizingIdentifierHelperImpl:59] Normalizing identifier quoting [departamento]
[2021-10-23 17:27:53] [ DEBUG] [ModelBinder:238] Mapping class: empresaHibernate.Departamento -> departamento
[2021-10-23 17:27:53] [ TRACE] [NormalizingIdentifierHelperImpl:59] Normalizing identifier quoting [codigo]
[2021-10-23 17:27:53] [ DEBUG] [ModelBinder:2560] Mapped property: codigo -> [codigo]
[2021-10-23 17:27:53] [ DEBUG] [PrimaryKey:35] Forcing column [codigo] to be non-null as it is part of the primary key for table [departamento]
[2021-10-23 17:27:53] [ TRACE] [NormalizingIdentifierHelperImpl:59] Normalizing identifier quoting [nombre]
[2021-10-23 17:27:53] [ DEBUG] [ModelBinder:2560] Mapped property: nombre -> [nombre]
[2021-10-23 17:27:53] [ TRACE] [NormalizingIdentifierHelperImpl:59] Normalizing identifier quoting [cod_responsable]
[2021-10-23 17:27:53] [ DEBUG] [ModelBinder:2560] Mapped property: codResponsable -> [cod_responsable]
[2021-10-23 17:27:53] [ TRACE] [InFlightMetadataCollectorImpl:724] Import: empresaHibernate.Empleado -> empresaHibernate.Empleado
[2021-10-23 17:27:53] [ TRACE] [InFlightMetadataCollectorImpl:724] Import: Empleado -> empresaHibernate.Empleado
[2021-10-23 17:27:53] [ TRACE] [NormalizingIdentifierHelperImpl:59] Normalizing identifier quoting [empresa]
[2021-10-23 17:27:53] [ DEBUG] [Namespace:51] Created database namespace [logicalName=Name{catalog=empresa, schema=null}, physicalName=Name{catalog=empresa, schema=null}]
[2021-10-23 17:27:53] [ TRACE] [NormalizingIdentifierHelperImpl:59] Normalizing identifier quoting [empleado]
[2021-10-23 17:27:53] [ DEBUG] [ModelBinder:238] Mapping class: empresaHibernate.Empleado -> empleado
[2021-10-23 17:27:53] [ TRACE] [NormalizingIdentifierHelperImpl:59] Normalizing identifier quoting [codigo]
[2021-10-23 17:27:53] [ DEBUG] [ModelBinder:2560] Mapped property: codigo -> [codigo]
[2021-10-23 17:27:53] [ DEBUG] [PrimaryKey:35] Forcing column [codigo] to be non-null as it is part of the primary key for table [empleado]
[2021-10-23 17:27:53] [ TRACE] [NormalizingIdentifierHelperImpl:59] Normalizing identifier quoting [nombre]
[2021-10-23 17:27:53] [ DEBUG] [ModelBinder:2560] Mapped property: nombre -> [nombre]
[2021-10-23 17:27:53] [ TRACE] [NormalizingIdentifierHelperImpl:59] Normalizing identifier quoting [apellido1]
[2021-10-23 17:27:53] [ DEBUG] [ModelBinder:2560] Mapped property: apellido1 -> [apellido1]
[2021-10-23 17:27:53] [ TRACE] [NormalizingIdentifierHelperImpl:59] Normalizing identifier quoting [apellido2]
[2021-10-23 17:27:53] [ DEBUG] [ModelBinder:2560] Mapped property: apellido2 -> [apellido2]
[2021-10-23 17:27:53] [ TRACE] [NormalizingIdentifierHelperImpl:59] Normalizing identifier quoting [lugar_nacimiento]
[2021-10-23 17:27:53] [ DEBUG] [ModelBinder:2560] Mapped property: lugarNacimiento -> [lugar_nacimiento]
[2021-10-23 17:27:53] [ TRACE] [NormalizingIdentifierHelperImpl:59] Normalizing identifier quoting [fecha_nacimiento]
[2021-10-23 17:27:53] [ DEBUG] [ModelBinder:2560] Mapped property: fechaNacimiento -> [fecha_nacimiento]
[2021-10-23 17:27:53] [ TRACE] [NormalizingIdentifierHelperImpl:59] Normalizing identifier quoting [direccion]
[2021-10-23 17:27:53] [ DEBUG] [ModelBinder:2560] Mapped property: direccion -> [direccion]
[2021-10-23 17:27:53] [ TRACE] [NormalizingIdentifierHelperImpl:59] Normalizing identifier quoting [telefono]
[2021-10-23 17:27:53] [ DEBUG] [ModelBinder:2560] Mapped property: telefono -> [telefono]
[2021-10-23 17:27:53] [ TRACE] [NormalizingIdentifierHelperImpl:59] Normalizing identifier quoting [puesto]
[2021-10-23 17:27:53] [ DEBUG] [ModelBinder:2560] Mapped property: puesto -> [puesto]
[2021-10-23 17:27:53] [ TRACE] [NormalizingIdentifierHelperImpl:59] Normalizing identifier quoting [cod_departamento]
[2021-10-23 17:27:53] [ DEBUG] [ModelBinder:2560] Mapped property: codDepartamento -> [cod_departamento]
[2021-10-23 17:27:53] [ TRACE] [AbstractServiceRegistryImpl:233] Initializing service [role=org.hibernate.boot.spi.SessionFactoryBuilderService]
[2021-10-23 17:27:53] [ TRACE] [BatchFetchStyle:51] Interpreting BatchFetchStyle from setting : null
[2021-10-23 17:27:53] [ TRACE] [AbstractServiceRegistryImpl:233] Initializing service [role=org.hibernate.resource.transaction.spi.TransactionCoordinatorBuilder]
[2021-10-23 17:27:53] [ TRACE] [AbstractServiceRegistryImpl:233] Initializing service [role=org.hibernate.bytecode.spi.BytecodeProvider]
[2021-10-23 17:27:53] [ DEBUG] [SessionFactoryImpl:206] Building session factory
[2021-10-23 17:27:53] [ DEBUG] [Settings:68] SessionFactory name : null
[2021-10-23 17:27:53] [ DEBUG] [Settings:69] Automatic flush during beforeCompletion(): enabled
[2021-10-23 17:27:53] [ DEBUG] [Settings:70] Automatic session close at end of transaction: disabled
[2021-10-23 17:27:53] [ DEBUG] [Settings:72] Statistics: disabled
[2021-10-23 17:27:53] [ DEBUG] [Settings:74] Deleted entity synthetic identifier rollback: disabled
[2021-10-23 17:27:53] [ DEBUG] [Settings:75] Default entity-mode: pojo
[2021-10-23 17:27:53] [ DEBUG] [Settings:76] Check Nullability in Core (should be disabled when Bean Validation is on): enabled
[2021-10-23 17:27:53] [ DEBUG] [Settings:77] Allow initialization of lazy state outside session : disabled
[2021-10-23 17:27:53] [ DEBUG] [Settings:79] Using BatchFetchStyle : LEGACY
[2021-10-23 17:27:53] [ DEBUG] [Settings:80] Default batch fetch size: -1
[2021-10-23 17:27:53] [ DEBUG] [Settings:81] Maximum outer join fetch depth: 2
[2021-10-23 17:27:53] [ DEBUG] [Settings:82] Default null ordering: NONE
[2021-10-23 17:27:53] [ DEBUG] [Settings:83] Order SQL updates by primary key: disabled
[2021-10-23 17:27:53] [ DEBUG] [Settings:84] Order SQL inserts for batching: disabled
[2021-10-23 17:27:53] [ DEBUG] [Settings:86] multi-tenancy strategy : NONE
[2021-10-23 17:27:53] [ DEBUG] [Settings:88] JTA Track by Thread: enabled
[2021-10-23 17:27:53] [ DEBUG] [Settings:90] Query language substitutions: {}
[2021-10-23 17:27:53] [ DEBUG] [Settings:91] Named query checking : enabled
[2021-10-23 17:27:53] [ DEBUG] [Settings:93] Second-level cache: disabled
[2021-10-23 17:27:53] [ DEBUG] [Settings:94] Second-level query cache: disabled
[2021-10-23 17:27:53] [ DEBUG] [Settings:95] Second-level query cache factory: null
[2021-10-23 17:27:53] [ DEBUG] [Settings:96] Second-level cache region prefix: null
[2021-10-23 17:27:53] [ DEBUG] [Settings:97] Optimize second-level cache for minimal puts: disabled
[2021-10-23 17:27:53] [ DEBUG] [Settings:98] Structured second-level cache entries: disabled
[2021-10-23 17:27:53] [ DEBUG] [Settings:99] Second-level cache direct-reference entries: disabled
[2021-10-23 17:27:53] [ DEBUG] [Settings:100] Automatic eviction of collection cache: disabled
[2021-10-23 17:27:53] [ DEBUG] [Settings:102] JDBC batch size: 15
[2021-10-23 17:27:53] [ DEBUG] [Settings:103] JDBC batch updates for versioned data: enabled
[2021-10-23 17:27:53] [ DEBUG] [Settings:104] Scrollable result sets: enabled
[2021-10-23 17:27:53] [ DEBUG] [Settings:105] Wrap result sets: disabled
[2021-10-23 17:27:53] [ DEBUG] [Settings:106] JDBC3 getGeneratedKeys(): enabled
[2021-10-23 17:27:53] [ DEBUG] [Settings:107] JDBC result set fetch size: null
[2021-10-23 17:27:53] [ DEBUG] [Settings:108] Connection release mode: AFTER_TRANSACTION
[2021-10-23 17:27:53] [ DEBUG] [Settings:109] Generate SQL with comments: disabled
[2021-10-23 17:27:53] [ DEBUG] [Settings:111] JPA compliance - query : disabled
[2021-10-23 17:27:53] [ DEBUG] [Settings:112] JPA compliance - closed-handling : disabled
[2021-10-23 17:27:53] [ DEBUG] [Settings:113] JPA compliance - lists : disabled
[2021-10-23 17:27:53] [ DEBUG] [Settings:114] JPA compliance - transactions : disabled
[2021-10-23 17:27:53] [ TRACE] [AbstractServiceRegistryImpl:233] Initializing service [role=org.hibernate.service.spi.SessionFactoryServiceRegistryFactory]
[2021-10-23 17:27:53] [ DEBUG] [ClassLoaderAccessImpl:60] Not known whether passed class name [empresaHibernate.Departamento] is safe
[2021-10-23 17:27:53] [ DEBUG] [ClassLoaderAccessImpl:62] No temp ClassLoader provided; using live ClassLoader for loading potentially unsafe class : empresaHibernate.Departamento
[2021-10-23 17:27:53] [ DEBUG] [ClassLoaderAccessImpl:60] Not known whether passed class name [empresaHibernate.Empleado] is safe
[2021-10-23 17:27:53] [ DEBUG] [ClassLoaderAccessImpl:62] No temp ClassLoader provided; using live ClassLoader for loading potentially unsafe class : empresaHibernate.Empleado
[2021-10-23 17:27:53] [ DEBUG] [SessionFactoryServiceRegistryImpl:92] EventListenerRegistry access via ServiceRegistry is deprecated.  Use `sessionFactory.getEventEngine().getListenerRegistry()` instead
[2021-10-23 17:27:53] [ DEBUG] [SessionFactoryServiceRegistryImpl:92] EventListenerRegistry access via ServiceRegistry is deprecated.  Use `sessionFactory.getEventEngine().getListenerRegistry()` instead
[2021-10-23 17:27:53] [ TRACE] [AbstractServiceRegistryImpl:233] Initializing service [role=org.hibernate.cache.spi.CacheImplementor]
[2021-10-23 17:27:53] [ DEBUG] [SessionFactoryImpl:268] Session factory constructed with filter configurations : {}
[2021-10-23 17:27:53] [ DEBUG] [SessionFactoryImpl:269] Instantiating session factory with properties: {hibernate.format_sql=true, dialect=org.hibernate.dialect.MySQL8Dialect, java.specification.version=16, sun.cpu.isalist=amd64, sun.jnu.encoding=Cp1252, hibernate.dialect=org.hibernate.dialect.MySQL8Dialect, java.class.path=D:\Trabajo\Formación Serbatic\Hibernate\Ejercicio Hibernte\EjercicioHibernate\EmpresaHibernate\EmpresaHibernate\target\classes;C:\Users\aaron\.m2\repository\log4j\log4j\1.2.17\log4j-1.2.17.jar;C:\Users\aaron\.m2\repository\log4j\apache-log4j-extras\1.2.17\apache-log4j-extras-1.2.17.jar;C:\Users\aaron\.m2\repository\org\hibernate\hibernate-core\5.6.0.Final\hibernate-core-5.6.0.Final.jar;C:\Users\aaron\.m2\repository\org\jboss\logging\jboss-logging\3.4.2.Final\jboss-logging-3.4.2.Final.jar;C:\Users\aaron\.m2\repository\javax\persistence\javax.persistence-api\2.2\javax.persistence-api-2.2.jar;C:\Users\aaron\.m2\repository\net\bytebuddy\byte-buddy\1.11.20\byte-buddy-1.11.20.jar;C:\Users\aaron\.m2\repository\antlr\antlr\2.7.7\antlr-2.7.7.jar;C:\Users\aaron\.m2\repository\org\jboss\spec\javax\transaction\jboss-transaction-api_1.2_spec\1.1.1.Final\jboss-transaction-api_1.2_spec-1.1.1.Final.jar;C:\Users\aaron\.m2\repository\org\jboss\jandex\2.2.3.Final\jandex-2.2.3.Final.jar;C:\Users\aaron\.m2\repository\com\fasterxml\classmate\1.5.1\classmate-1.5.1.jar;C:\Users\aaron\.m2\repository\javax\activation\javax.activation-api\1.2.0\javax.activation-api-1.2.0.jar;C:\Users\aaron\.m2\repository\org\hibernate\common\hibernate-commons-annotations\5.1.2.Final\hibernate-commons-annotations-5.1.2.Final.jar;C:\Users\aaron\.m2\repository\javax\xml\bind\jaxb-api\2.3.1\jaxb-api-2.3.1.jar;C:\Users\aaron\.m2\repository\org\glassfish\jaxb\jaxb-runtime\2.3.1\jaxb-runtime-2.3.1.jar;C:\Users\aaron\.m2\repository\org\glassfish\jaxb\txw2\2.3.1\txw2-2.3.1.jar;C:\Users\aaron\.m2\repository\com\sun\istack\istack-commons-runtime\3.0.7\istack-commons-runtime-3.0.7.jar;C:\Users\aaron\.m2\repository\org\jvnet\staxex\stax-ex\1.8\stax-ex-1.8.jar;C:\Users\aaron\.m2\repository\com\sun\xml\fastinfoset\FastInfoset\1.2.15\FastInfoset-1.2.15.jar;C:\Users\aaron\.m2\repository\mysql\mysql-connector-java\8.0.25\mysql-connector-java-8.0.25.jar;C:\Users\aaron\.m2\repository\com\google\protobuf\protobuf-java\3.11.4\protobuf-java-3.11.4.jar, java.vm.vendor=Oracle Corporation, sun.arch.data.model=64, hbm2ddl.auto=update, user.variant=, java.vendor.url=https://java.oracle.com/, user.timezone=Europe/Madrid, java.vm.specification.version=16, os.name=Windows 10, current_session_context_class=thread, sun.java.launcher=SUN_STANDARD, user.country=ES, sun.boot.library.path=C:\Users\aaron\.p2\pool\plugins\org.eclipse.justj.openjdk.hotspot.jre.full.win32.x86_64_16.0.2.v20210721-1149\jre\bin, sun.java.command=main.App, jdk.debug=release, sun.cpu.endian=little, user.home=C:\Users\aaron, user.language=es, java.specification.vendor=Oracle Corporation, java.version.date=2021-07-20, java.home=C:\Users\aaron\.p2\pool\plugins\org.eclipse.justj.openjdk.hotspot.jre.full.win32.x86_64_16.0.2.v20210721-1149\jre, file.separator=\, java.vm.compressedOopsMode=32-bit, line.separator=
, java.vm.specification.vendor=Oracle Corporation, java.specification.name=Java Platform API Specification, hibernate.hbm2ddl.auto=update, user.script=, connection.password=, sun.management.compiler=HotSpot 64-Bit Tiered Compilers, java.runtime.version=16.0.2+7-67, user.name=aaron, path.separator=;, hibernate.connection.username=****, os.version=10.0, java.runtime.name=OpenJDK Runtime Environment, hibernate.connection.url=jdbc:mysql://localhost:3306/empresa?useSSL=false&serverTimezone=UTC, connection.pool_size=3, file.encoding=UTF-8, format_sql=true, java.vm.name=OpenJDK 64-Bit Server VM, hibernate.show_sql=true, hibernate.current_session_context_class=thread, show_sql=true, hibernate.connection.driver_class=com.mysql.cj.jdbc.Driver, java.vendor.url.bug=https://bugreport.java.com/bugreport/, java.io.tmpdir=C:\Users\aaron\AppData\Local\Temp\, java.version=16.0.2, user.dir=D:\Trabajo\Formación Serbatic\Hibernate\Ejercicio Hibernte\EjercicioHibernate\EmpresaHibernate\EmpresaHibernate, os.arch=amd64, connection.username=root, java.vm.specification.name=Java Virtual Machine Specification, hibernate.connection.password=****, sun.os.patch.level=, connection.driver_class=com.mysql.cj.jdbc.Driver, hibernate.boot.CfgXmlAccessService.key=org.hibernate.boot.cfgxml.spi.LoadedConfig@a565cbd, java.library.path=C:\Users\aaron\.p2\pool\plugins\org.eclipse.justj.openjdk.hotspot.jre.full.win32.x86_64_16.0.2.v20210721-1149\jre\bin;C:\Windows\Sun\Java\bin;C:\Windows\system32;C:\Windows;C:/Users/aaron/.p2/pool/plugins/org.eclipse.justj.openjdk.hotspot.jre.full.win32.x86_64_16.0.2.v20210721-1149/jre/bin/server;C:/Users/aaron/.p2/pool/plugins/org.eclipse.justj.openjdk.hotspot.jre.full.win32.x86_64_16.0.2.v20210721-1149/jre/bin;C:\Program Files (x86)\Common Files\Oracle\Java\javapath;C:\Windows\system32;C:\Windows;C:\Windows\System32\Wbem;C:\Windows\System32\WindowsPowerShell\v1.0\;C:\Windows\System32\OpenSSH\;C:\Program Files\Git\cmd;C:\Program Files\TortoiseGit\bin;C:\apache-maven-3.8.3\bin;C:\Users\aaron\AppData\Local\Microsoft\WindowsApps;;C:\Users\aaron\AppData\Local\Programs\Microsoft VS Code\bin;C:\Users\aaron\eclipse\jee-2021-09\eclipse;;., java.vendor=Oracle Corporation, java.vm.info=mixed mode, java.vm.version=16.0.2+7-67, hibernate.bytecode.use_reflection_optimizer=false, sun.io.unicode.encoding=UnicodeLittle, hibernate.connection.pool_size=3, connection.url=jdbc:mysql://localhost:3306/empresa?useSSL=false&serverTimezone=UTC, java.class.version=60.0}
[2021-10-23 17:27:53] [ TRACE] [AbstractServiceRegistryImpl:233] Initializing service [role=org.hibernate.engine.query.spi.NativeQueryInterpreter]
[2021-10-23 17:27:53] [ DEBUG] [JaccIntegrator:84] Skipping JACC integration as it was not enabled
[2021-10-23 17:27:53] [ DEBUG] [SessionFactoryImpl:309] Instantiated session factory
[2021-10-23 17:27:53] [ DEBUG] [TypeConfiguration$Scope:154] Scoping TypeConfiguration [org.hibernate.type.spi.TypeConfiguration@3f672204] to SessionFactoryImpl [org.hibernate.internal.SessionFactoryImpl@fb713e7]
[2021-10-23 17:27:53] [ TRACE] [AbstractServiceRegistryImpl:233] Initializing service [role=org.hibernate.persister.spi.PersisterFactory]
[2021-10-23 17:27:53] [ TRACE] [AbstractServiceRegistryImpl:233] Initializing service [role=org.hibernate.persister.spi.PersisterClassResolver]
[2021-10-23 17:27:53] [ TRACE] [AbstractServiceRegistryImpl:233] Initializing service [role=org.hibernate.property.access.spi.PropertyAccessStrategyResolver]
[2021-10-23 17:27:53] [ DEBUG] [ClassLoaderAccessImpl:60] Not known whether passed class name [empresaHibernate.Departamento] is safe
[2021-10-23 17:27:53] [ DEBUG] [ClassLoaderAccessImpl:62] No temp ClassLoader provided; using live ClassLoader for loading potentially unsafe class : empresaHibernate.Departamento
[2021-10-23 17:27:53] [ TRACE] [AbstractServiceRegistryImpl:233] Initializing service [role=org.hibernate.bytecode.spi.ProxyFactoryFactory]
[2021-10-23 17:27:53] [ TRACE] [AbstractPropertyMapping:129] Skipping duplicate registration of path [nombre], existing type = [org.hibernate.type.StringType@7db82169], incoming type = [org.hibernate.type.StringType@7db82169]
[2021-10-23 17:27:53] [ TRACE] [AbstractPropertyMapping:129] Skipping duplicate registration of path [codResponsable], existing type = [org.hibernate.type.IntegerType@2cb3d0f7], incoming type = [org.hibernate.type.IntegerType@2cb3d0f7]
[2021-10-23 17:27:53] [ DEBUG] [ClassLoaderAccessImpl:60] Not known whether passed class name [empresaHibernate.Empleado] is safe
[2021-10-23 17:27:53] [ DEBUG] [ClassLoaderAccessImpl:62] No temp ClassLoader provided; using live ClassLoader for loading potentially unsafe class : empresaHibernate.Empleado
[2021-10-23 17:27:53] [ TRACE] [AbstractPropertyMapping:129] Skipping duplicate registration of path [nombre], existing type = [org.hibernate.type.StringType@7db82169], incoming type = [org.hibernate.type.StringType@7db82169]
[2021-10-23 17:27:53] [ TRACE] [AbstractPropertyMapping:129] Skipping duplicate registration of path [apellido1], existing type = [org.hibernate.type.StringType@7db82169], incoming type = [org.hibernate.type.StringType@7db82169]
[2021-10-23 17:27:53] [ TRACE] [AbstractPropertyMapping:129] Skipping duplicate registration of path [apellido2], existing type = [org.hibernate.type.StringType@7db82169], incoming type = [org.hibernate.type.StringType@7db82169]
[2021-10-23 17:27:53] [ TRACE] [AbstractPropertyMapping:129] Skipping duplicate registration of path [lugarNacimiento], existing type = [org.hibernate.type.StringType@7db82169], incoming type = [org.hibernate.type.StringType@7db82169]
[2021-10-23 17:27:53] [ TRACE] [AbstractPropertyMapping:129] Skipping duplicate registration of path [fechaNacimiento], existing type = [org.hibernate.type.StringType@7db82169], incoming type = [org.hibernate.type.StringType@7db82169]
[2021-10-23 17:27:53] [ TRACE] [AbstractPropertyMapping:129] Skipping duplicate registration of path [direccion], existing type = [org.hibernate.type.StringType@7db82169], incoming type = [org.hibernate.type.StringType@7db82169]
[2021-10-23 17:27:53] [ TRACE] [AbstractPropertyMapping:129] Skipping duplicate registration of path [telefono], existing type = [org.hibernate.type.StringType@7db82169], incoming type = [org.hibernate.type.StringType@7db82169]
[2021-10-23 17:27:53] [ TRACE] [AbstractPropertyMapping:129] Skipping duplicate registration of path [puesto], existing type = [org.hibernate.type.StringType@7db82169], incoming type = [org.hibernate.type.StringType@7db82169]
[2021-10-23 17:27:53] [ TRACE] [AbstractPropertyMapping:129] Skipping duplicate registration of path [codDepartamento], existing type = [org.hibernate.type.IntegerType@2cb3d0f7], incoming type = [org.hibernate.type.IntegerType@2cb3d0f7]
[2021-10-23 17:27:53] [ DEBUG] [AbstractEntityPersister:4002] Static SQL for entity: empresaHibernate.Departamento
[2021-10-23 17:27:53] [ DEBUG] [AbstractEntityPersister:4007]  Version select: select codigo from departamento where codigo =?
[2021-10-23 17:27:53] [ DEBUG] [AbstractEntityPersister:4010]  Snapshot select: select departamen_.codigo, departamen_.nombre as nombre2_1_, departamen_.cod_responsable as cod_resp3_1_ from departamento departamen_ where departamen_.codigo=?
[2021-10-23 17:27:53] [ DEBUG] [AbstractEntityPersister:394]  Insert 0: insert into departamento (nombre, cod_responsable, codigo) values (?, ?, ?)
[2021-10-23 17:27:53] [ DEBUG] [AbstractEntityPersister:394]  Update 0: update departamento set nombre=?, cod_responsable=? where codigo=?
[2021-10-23 17:27:53] [ DEBUG] [AbstractEntityPersister:394]  Delete 0: delete from departamento where codigo=?
[2021-10-23 17:27:53] [ TRACE] [AbstractLoadPlanBuildingAssociationVisitationStrategy:172]  Starting root entity : empresaHibernate.Departamento
[2021-10-23 17:27:53] [ DEBUG] [QuerySpacesImpl:174] Adding QuerySpace : uid = <gen:0> -> org.hibernate.loader.plan.build.internal.spaces.EntityQuerySpaceImpl@7650ded6]
[2021-10-23 17:27:53] [ TRACE] [AbstractLoadPlanBuildingAssociationVisitationStrategy:113] Pushing fetch source to stack : org.hibernate.loader.plan.build.internal.returns.EntityReturnImpl@6d2a2560
[2021-10-23 17:27:53] [ TRACE] [AbstractLoadPlanBuildingAssociationVisitationStrategy:648] .. Registering AssociationKey : AssociationKey(table=departamento, columns={codigo}) -> org.hibernate.loader.plan.build.internal.returns.EntityReturnImpl@6d2a2560
[2021-10-23 17:27:53] [ TRACE] [AbstractLoadPlanBuildingAssociationVisitationStrategy:239] >> Starting entity identifier : empresaHibernate.Departamento
[2021-10-23 17:27:53] [ DEBUG] [MetamodelGraphWalker:146] Visiting attribute path : nombre
[2021-10-23 17:27:53] [ TRACE] [AbstractLoadPlanBuildingAssociationVisitationStrategy:547] >> Starting attribute Attribute(name=nombre, type=string [non-identifier])
[2021-10-23 17:27:53] [ TRACE] [AbstractLoadPlanBuildingAssociationVisitationStrategy:628] << Finishing up attribute : Attribute(name=nombre, type=string [non-identifier])
[2021-10-23 17:27:53] [ DEBUG] [MetamodelGraphWalker:146] Visiting attribute path : codResponsable
[2021-10-23 17:27:53] [ TRACE] [AbstractLoadPlanBuildingAssociationVisitationStrategy:547] >> Starting attribute Attribute(name=codResponsable, type=integer [non-identifier])
[2021-10-23 17:27:53] [ TRACE] [AbstractLoadPlanBuildingAssociationVisitationStrategy:628] << Finishing up attribute : Attribute(name=codResponsable, type=integer [non-identifier])
[2021-10-23 17:27:53] [ TRACE] [AbstractLoadPlanBuildingAssociationVisitationStrategy:120] Popped fetch owner from stack : org.hibernate.loader.plan.build.internal.returns.EntityReturnImpl@6d2a2560
[2021-10-23 17:27:53] [ TRACE] [AbstractLoadPlanBuildingAssociationVisitationStrategy:208]  Finished root entity : empresaHibernate.Departamento
[2021-10-23 17:27:53] [ DEBUG] [FetchStyleLoadPlanBuildingAssociationVisitationStrategy:160] Building LoadPlan...
[2021-10-23 17:27:53] [ DEBUG] [LoadQueryJoinAndFetchProcessor:102] processing queryspace <gen:0>
[2021-10-23 17:27:53] [ DEBUG] [LoadPlanTreePrinter:55] LoadPlan(entity=empresaHibernate.Departamento)
    - Returns
       - EntityReturnImpl(entity=empresaHibernate.Departamento, querySpaceUid=<gen:0>, path=empresaHibernate.Departamento)
    - QuerySpaces
       - EntityQuerySpaceImpl(uid=<gen:0>, entity=empresaHibernate.Departamento)
          - SQL table alias mapping - departamen0_
          - alias suffix - 0_
          - suffixed key columns - {codigo1_1_0_}

[2021-10-23 17:27:53] [ DEBUG] [EntityLoader:129] Static select for entity empresaHibernate.Departamento [NONE]: select departamen0_.codigo as codigo1_1_0_, departamen0_.nombre as nombre2_1_0_, departamen0_.cod_responsable as cod_resp3_1_0_ from departamento departamen0_ where departamen0_.codigo=?
[2021-10-23 17:27:53] [ DEBUG] [AbstractEntityPersister:4002] Static SQL for entity: empresaHibernate.Empleado
[2021-10-23 17:27:53] [ DEBUG] [AbstractEntityPersister:4007]  Version select: select codigo from empresa.empleado where codigo =?
[2021-10-23 17:27:53] [ DEBUG] [AbstractEntityPersister:4010]  Snapshot select: select empleado_.codigo, empleado_.nombre as nombre2_0_, empleado_.apellido1 as apellido3_0_, empleado_.apellido2 as apellido4_0_, empleado_.lugar_nacimiento as lugar_na5_0_, empleado_.fecha_nacimiento as fecha_na6_0_, empleado_.direccion as direccio7_0_, empleado_.telefono as telefono8_0_, empleado_.puesto as puesto9_0_, empleado_.cod_departamento as cod_dep10_0_ from empresa.empleado empleado_ where empleado_.codigo=?
[2021-10-23 17:27:53] [ DEBUG] [AbstractEntityPersister:394]  Insert 0: insert into empresa.empleado (nombre, apellido1, apellido2, lugar_nacimiento, fecha_nacimiento, direccion, telefono, puesto, cod_departamento, codigo) values (?, ?, ?, ?, ?, ?, ?, ?, ?, ?)
[2021-10-23 17:27:53] [ DEBUG] [AbstractEntityPersister:394]  Update 0: update empresa.empleado set nombre=?, apellido1=?, apellido2=?, lugar_nacimiento=?, fecha_nacimiento=?, direccion=?, telefono=?, puesto=?, cod_departamento=? where codigo=?
[2021-10-23 17:27:53] [ DEBUG] [AbstractEntityPersister:394]  Delete 0: delete from empresa.empleado where codigo=?
[2021-10-23 17:27:53] [ TRACE] [AbstractLoadPlanBuildingAssociationVisitationStrategy:172]  Starting root entity : empresaHibernate.Empleado
[2021-10-23 17:27:53] [ DEBUG] [QuerySpacesImpl:174] Adding QuerySpace : uid = <gen:0> -> org.hibernate.loader.plan.build.internal.spaces.EntityQuerySpaceImpl@19a20bb2]
[2021-10-23 17:27:53] [ TRACE] [AbstractLoadPlanBuildingAssociationVisitationStrategy:113] Pushing fetch source to stack : org.hibernate.loader.plan.build.internal.returns.EntityReturnImpl@75babb67
[2021-10-23 17:27:53] [ TRACE] [AbstractLoadPlanBuildingAssociationVisitationStrategy:648] .. Registering AssociationKey : AssociationKey(table=empresa.empleado, columns={codigo}) -> org.hibernate.loader.plan.build.internal.returns.EntityReturnImpl@75babb67
[2021-10-23 17:27:53] [ TRACE] [AbstractLoadPlanBuildingAssociationVisitationStrategy:239] >> Starting entity identifier : empresaHibernate.Empleado
[2021-10-23 17:27:53] [ DEBUG] [MetamodelGraphWalker:146] Visiting attribute path : nombre
[2021-10-23 17:27:53] [ TRACE] [AbstractLoadPlanBuildingAssociationVisitationStrategy:547] >> Starting attribute Attribute(name=nombre, type=string [non-identifier])
[2021-10-23 17:27:53] [ TRACE] [AbstractLoadPlanBuildingAssociationVisitationStrategy:628] << Finishing up attribute : Attribute(name=nombre, type=string [non-identifier])
[2021-10-23 17:27:53] [ DEBUG] [MetamodelGraphWalker:146] Visiting attribute path : apellido1
[2021-10-23 17:27:53] [ TRACE] [AbstractLoadPlanBuildingAssociationVisitationStrategy:547] >> Starting attribute Attribute(name=apellido1, type=string [non-identifier])
[2021-10-23 17:27:53] [ TRACE] [AbstractLoadPlanBuildingAssociationVisitationStrategy:628] << Finishing up attribute : Attribute(name=apellido1, type=string [non-identifier])
[2021-10-23 17:27:53] [ DEBUG] [MetamodelGraphWalker:146] Visiting attribute path : apellido2
[2021-10-23 17:27:53] [ TRACE] [AbstractLoadPlanBuildingAssociationVisitationStrategy:547] >> Starting attribute Attribute(name=apellido2, type=string [non-identifier])
[2021-10-23 17:27:53] [ TRACE] [AbstractLoadPlanBuildingAssociationVisitationStrategy:628] << Finishing up attribute : Attribute(name=apellido2, type=string [non-identifier])
[2021-10-23 17:27:53] [ DEBUG] [MetamodelGraphWalker:146] Visiting attribute path : lugarNacimiento
[2021-10-23 17:27:53] [ TRACE] [AbstractLoadPlanBuildingAssociationVisitationStrategy:547] >> Starting attribute Attribute(name=lugarNacimiento, type=string [non-identifier])
[2021-10-23 17:27:53] [ TRACE] [AbstractLoadPlanBuildingAssociationVisitationStrategy:628] << Finishing up attribute : Attribute(name=lugarNacimiento, type=string [non-identifier])
[2021-10-23 17:27:53] [ DEBUG] [MetamodelGraphWalker:146] Visiting attribute path : fechaNacimiento
[2021-10-23 17:27:53] [ TRACE] [AbstractLoadPlanBuildingAssociationVisitationStrategy:547] >> Starting attribute Attribute(name=fechaNacimiento, type=string [non-identifier])
[2021-10-23 17:27:53] [ TRACE] [AbstractLoadPlanBuildingAssociationVisitationStrategy:628] << Finishing up attribute : Attribute(name=fechaNacimiento, type=string [non-identifier])
[2021-10-23 17:27:53] [ DEBUG] [MetamodelGraphWalker:146] Visiting attribute path : direccion
[2021-10-23 17:27:53] [ TRACE] [AbstractLoadPlanBuildingAssociationVisitationStrategy:547] >> Starting attribute Attribute(name=direccion, type=string [non-identifier])
[2021-10-23 17:27:53] [ TRACE] [AbstractLoadPlanBuildingAssociationVisitationStrategy:628] << Finishing up attribute : Attribute(name=direccion, type=string [non-identifier])
[2021-10-23 17:27:53] [ DEBUG] [MetamodelGraphWalker:146] Visiting attribute path : telefono
[2021-10-23 17:27:53] [ TRACE] [AbstractLoadPlanBuildingAssociationVisitationStrategy:547] >> Starting attribute Attribute(name=telefono, type=string [non-identifier])
[2021-10-23 17:27:53] [ TRACE] [AbstractLoadPlanBuildingAssociationVisitationStrategy:628] << Finishing up attribute : Attribute(name=telefono, type=string [non-identifier])
[2021-10-23 17:27:53] [ DEBUG] [MetamodelGraphWalker:146] Visiting attribute path : puesto
[2021-10-23 17:27:53] [ TRACE] [AbstractLoadPlanBuildingAssociationVisitationStrategy:547] >> Starting attribute Attribute(name=puesto, type=string [non-identifier])
[2021-10-23 17:27:53] [ TRACE] [AbstractLoadPlanBuildingAssociationVisitationStrategy:628] << Finishing up attribute : Attribute(name=puesto, type=string [non-identifier])
[2021-10-23 17:27:53] [ DEBUG] [MetamodelGraphWalker:146] Visiting attribute path : codDepartamento
[2021-10-23 17:27:53] [ TRACE] [AbstractLoadPlanBuildingAssociationVisitationStrategy:547] >> Starting attribute Attribute(name=codDepartamento, type=integer [non-identifier])
[2021-10-23 17:27:53] [ TRACE] [AbstractLoadPlanBuildingAssociationVisitationStrategy:628] << Finishing up attribute : Attribute(name=codDepartamento, type=integer [non-identifier])
[2021-10-23 17:27:53] [ TRACE] [AbstractLoadPlanBuildingAssociationVisitationStrategy:120] Popped fetch owner from stack : org.hibernate.loader.plan.build.internal.returns.EntityReturnImpl@75babb67
[2021-10-23 17:27:53] [ TRACE] [AbstractLoadPlanBuildingAssociationVisitationStrategy:208]  Finished root entity : empresaHibernate.Empleado
[2021-10-23 17:27:53] [ DEBUG] [FetchStyleLoadPlanBuildingAssociationVisitationStrategy:160] Building LoadPlan...
[2021-10-23 17:27:53] [ DEBUG] [LoadQueryJoinAndFetchProcessor:102] processing queryspace <gen:0>
[2021-10-23 17:27:53] [ DEBUG] [LoadPlanTreePrinter:55] LoadPlan(entity=empresaHibernate.Empleado)
    - Returns
       - EntityReturnImpl(entity=empresaHibernate.Empleado, querySpaceUid=<gen:0>, path=empresaHibernate.Empleado)
    - QuerySpaces
       - EntityQuerySpaceImpl(uid=<gen:0>, entity=empresaHibernate.Empleado)
          - SQL table alias mapping - empleado0_
          - alias suffix - 0_
          - suffixed key columns - {codigo1_0_0_}

[2021-10-23 17:27:53] [ DEBUG] [EntityLoader:129] Static select for entity empresaHibernate.Empleado [NONE]: select empleado0_.codigo as codigo1_0_0_, empleado0_.nombre as nombre2_0_0_, empleado0_.apellido1 as apellido3_0_0_, empleado0_.apellido2 as apellido4_0_0_, empleado0_.lugar_nacimiento as lugar_na5_0_0_, empleado0_.fecha_nacimiento as fecha_na6_0_0_, empleado0_.direccion as direccio7_0_0_, empleado0_.telefono as telefono8_0_0_, empleado0_.puesto as puesto9_0_0_, empleado0_.cod_departamento as cod_dep10_0_0_ from empresa.empleado empleado0_ where empleado0_.codigo=?
[2021-10-23 17:27:53] [ TRACE] [MetadataContext:230] Wrapping up metadata context...
[2021-10-23 17:27:53] [ TRACE] [MetadataContext:242] Starting entity [empresaHibernate.Departamento]
[2021-10-23 17:27:53] [ TRACE] [AttributeFactory:179] Building identifier attribute [Departamento.codigo]
[2021-10-23 17:27:53] [ TRACE] [AttributeFactory:492] Starting attribute metadata determination [codigo]
[2021-10-23 17:27:53] [ TRACE] [AttributeFactory:497]     Determined member [public int empresaHibernate.Departamento.getCodigo()]
[2021-10-23 17:27:53] [ TRACE] [AttributeFactory:501]     Determined type [name=integer, class=org.hibernate.type.IntegerType]
[2021-10-23 17:27:53] [ TRACE] [AttributeFactory:90] Building attribute [Departamento.nombre]
[2021-10-23 17:27:53] [ TRACE] [AttributeFactory:492] Starting attribute metadata determination [nombre]
[2021-10-23 17:27:53] [ TRACE] [AttributeFactory:497]     Determined member [public java.lang.String empresaHibernate.Departamento.getNombre()]
[2021-10-23 17:27:53] [ TRACE] [AttributeFactory:501]     Determined type [name=string, class=org.hibernate.type.StringType]
[2021-10-23 17:27:53] [ TRACE] [AttributeFactory:90] Building attribute [Departamento.codResponsable]
[2021-10-23 17:27:53] [ TRACE] [AttributeFactory:492] Starting attribute metadata determination [codResponsable]
[2021-10-23 17:27:53] [ TRACE] [AttributeFactory:497]     Determined member [public int empresaHibernate.Departamento.getCodResponsable()]
[2021-10-23 17:27:53] [ TRACE] [AttributeFactory:501]     Determined type [name=integer, class=org.hibernate.type.IntegerType]
[2021-10-23 17:27:53] [ TRACE] [MetadataContext:277] Completed entity [empresaHibernate.Departamento]
[2021-10-23 17:27:53] [ TRACE] [MetadataContext:242] Starting entity [empresaHibernate.Empleado]
[2021-10-23 17:27:53] [ TRACE] [AttributeFactory:179] Building identifier attribute [Empleado.codigo]
[2021-10-23 17:27:53] [ TRACE] [AttributeFactory:492] Starting attribute metadata determination [codigo]
[2021-10-23 17:27:53] [ TRACE] [AttributeFactory:497]     Determined member [public int empresaHibernate.Empleado.getCodigo()]
[2021-10-23 17:27:53] [ TRACE] [AttributeFactory:501]     Determined type [name=integer, class=org.hibernate.type.IntegerType]
[2021-10-23 17:27:53] [ TRACE] [AttributeFactory:90] Building attribute [Empleado.nombre]
[2021-10-23 17:27:53] [ TRACE] [AttributeFactory:492] Starting attribute metadata determination [nombre]
[2021-10-23 17:27:53] [ TRACE] [AttributeFactory:497]     Determined member [public java.lang.String empresaHibernate.Empleado.getNombre()]
[2021-10-23 17:27:53] [ TRACE] [AttributeFactory:501]     Determined type [name=string, class=org.hibernate.type.StringType]
[2021-10-23 17:27:53] [ TRACE] [AttributeFactory:90] Building attribute [Empleado.apellido1]
[2021-10-23 17:27:53] [ TRACE] [AttributeFactory:492] Starting attribute metadata determination [apellido1]
[2021-10-23 17:27:53] [ TRACE] [AttributeFactory:497]     Determined member [public java.lang.String empresaHibernate.Empleado.getApellido1()]
[2021-10-23 17:27:53] [ TRACE] [AttributeFactory:501]     Determined type [name=string, class=org.hibernate.type.StringType]
[2021-10-23 17:27:53] [ TRACE] [AttributeFactory:90] Building attribute [Empleado.apellido2]
[2021-10-23 17:27:53] [ TRACE] [AttributeFactory:492] Starting attribute metadata determination [apellido2]
[2021-10-23 17:27:53] [ TRACE] [AttributeFactory:497]     Determined member [public java.lang.String empresaHibernate.Empleado.getApellido2()]
[2021-10-23 17:27:53] [ TRACE] [AttributeFactory:501]     Determined type [name=string, class=org.hibernate.type.StringType]
[2021-10-23 17:27:53] [ TRACE] [AttributeFactory:90] Building attribute [Empleado.lugarNacimiento]
[2021-10-23 17:27:53] [ TRACE] [AttributeFactory:492] Starting attribute metadata determination [lugarNacimiento]
[2021-10-23 17:27:53] [ TRACE] [AttributeFactory:497]     Determined member [public java.lang.String empresaHibernate.Empleado.getLugarNacimiento()]
[2021-10-23 17:27:53] [ TRACE] [AttributeFactory:501]     Determined type [name=string, class=org.hibernate.type.StringType]
[2021-10-23 17:27:53] [ TRACE] [AttributeFactory:90] Building attribute [Empleado.fechaNacimiento]
[2021-10-23 17:27:53] [ TRACE] [AttributeFactory:492] Starting attribute metadata determination [fechaNacimiento]
[2021-10-23 17:27:53] [ TRACE] [AttributeFactory:497]     Determined member [public java.lang.String empresaHibernate.Empleado.getFechaNacimiento()]
[2021-10-23 17:27:53] [ TRACE] [AttributeFactory:501]     Determined type [name=string, class=org.hibernate.type.StringType]
[2021-10-23 17:27:53] [ TRACE] [AttributeFactory:90] Building attribute [Empleado.direccion]
[2021-10-23 17:27:53] [ TRACE] [AttributeFactory:492] Starting attribute metadata determination [direccion]
[2021-10-23 17:27:53] [ TRACE] [AttributeFactory:497]     Determined member [public java.lang.String empresaHibernate.Empleado.getDireccion()]
[2021-10-23 17:27:53] [ TRACE] [AttributeFactory:501]     Determined type [name=string, class=org.hibernate.type.StringType]
[2021-10-23 17:27:53] [ TRACE] [AttributeFactory:90] Building attribute [Empleado.telefono]
[2021-10-23 17:27:53] [ TRACE] [AttributeFactory:492] Starting attribute metadata determination [telefono]
[2021-10-23 17:27:53] [ TRACE] [AttributeFactory:497]     Determined member [public java.lang.String empresaHibernate.Empleado.getTelefono()]
[2021-10-23 17:27:53] [ TRACE] [AttributeFactory:501]     Determined type [name=string, class=org.hibernate.type.StringType]
[2021-10-23 17:27:53] [ TRACE] [AttributeFactory:90] Building attribute [Empleado.puesto]
[2021-10-23 17:27:53] [ TRACE] [AttributeFactory:492] Starting attribute metadata determination [puesto]
[2021-10-23 17:27:53] [ TRACE] [AttributeFactory:497]     Determined member [public java.lang.String empresaHibernate.Empleado.getPuesto()]
[2021-10-23 17:27:53] [ TRACE] [AttributeFactory:501]     Determined type [name=string, class=org.hibernate.type.StringType]
[2021-10-23 17:27:53] [ TRACE] [AttributeFactory:90] Building attribute [Empleado.codDepartamento]
[2021-10-23 17:27:53] [ TRACE] [AttributeFactory:492] Starting attribute metadata determination [codDepartamento]
[2021-10-23 17:27:53] [ TRACE] [AttributeFactory:497]     Determined member [public int empresaHibernate.Empleado.getCodDepartamento()]
[2021-10-23 17:27:53] [ TRACE] [AttributeFactory:501]     Determined type [name=integer, class=org.hibernate.type.IntegerType]
[2021-10-23 17:27:53] [ TRACE] [MetadataContext:277] Completed entity [empresaHibernate.Empleado]
[2021-10-23 17:27:53] [ TRACE] [AbstractServiceRegistryImpl:233] Initializing service [role=org.hibernate.tool.schema.spi.SchemaManagementTool]
[2021-10-23 17:27:53] [ TRACE] [NormalizingIdentifierHelperImpl:192] Normalizing identifier quoting for object name [empresa]
[2021-10-23 17:27:53] [ TRACE] [NormalizingIdentifierHelperImpl:158] Rendering unquoted identifier [empresa] in lower case for use in DatabaseMetaData
[2021-10-23 17:27:53] [ INFO ] [access:48] HHH10001501: Connection obtained from JdbcConnectionAccess [org.hibernate.engine.jdbc.env.internal.JdbcEnvironmentInitiator$ConnectionProviderJdbcConnectionAccess@13c8ac77] for (non-JTA) DDL execution was not in auto-commit mode; the Connection 'local transaction' will be committed and the Connection will be set into auto-commit mode.
[2021-10-23 17:27:53] [ TRACE] [NormalizingIdentifierHelperImpl:192] Normalizing identifier quoting for object name [empleado]
[2021-10-23 17:27:53] [ TRACE] [NormalizingIdentifierHelperImpl:158] Rendering unquoted identifier [empleado] in lower case for use in DatabaseMetaData
[2021-10-23 17:27:53] [ TRACE] [NormalizingIdentifierHelperImpl:192] Normalizing identifier quoting for object name [codigo]
[2021-10-23 17:27:53] [ TRACE] [NormalizingIdentifierHelperImpl:158] Rendering unquoted identifier [codigo] in lower case for use in DatabaseMetaData
[2021-10-23 17:27:53] [ TRACE] [NormalizingIdentifierHelperImpl:192] Normalizing identifier quoting for object name [nombre]
[2021-10-23 17:27:53] [ TRACE] [NormalizingIdentifierHelperImpl:158] Rendering unquoted identifier [nombre] in lower case for use in DatabaseMetaData
[2021-10-23 17:27:53] [ TRACE] [NormalizingIdentifierHelperImpl:192] Normalizing identifier quoting for object name [apellido1]
[2021-10-23 17:27:53] [ TRACE] [NormalizingIdentifierHelperImpl:158] Rendering unquoted identifier [apellido1] in lower case for use in DatabaseMetaData
[2021-10-23 17:27:53] [ TRACE] [NormalizingIdentifierHelperImpl:192] Normalizing identifier quoting for object name [apellido2]
[2021-10-23 17:27:53] [ TRACE] [NormalizingIdentifierHelperImpl:158] Rendering unquoted identifier [apellido2] in lower case for use in DatabaseMetaData
[2021-10-23 17:27:53] [ TRACE] [NormalizingIdentifierHelperImpl:192] Normalizing identifier quoting for object name [lugar_nacimiento]
[2021-10-23 17:27:53] [ TRACE] [NormalizingIdentifierHelperImpl:158] Rendering unquoted identifier [lugar_nacimiento] in lower case for use in DatabaseMetaData
[2021-10-23 17:27:53] [ TRACE] [NormalizingIdentifierHelperImpl:192] Normalizing identifier quoting for object name [fecha_nacimiento]
[2021-10-23 17:27:53] [ TRACE] [NormalizingIdentifierHelperImpl:158] Rendering unquoted identifier [fecha_nacimiento] in lower case for use in DatabaseMetaData
[2021-10-23 17:27:53] [ TRACE] [NormalizingIdentifierHelperImpl:192] Normalizing identifier quoting for object name [direccion]
[2021-10-23 17:27:53] [ TRACE] [NormalizingIdentifierHelperImpl:158] Rendering unquoted identifier [direccion] in lower case for use in DatabaseMetaData
[2021-10-23 17:27:53] [ TRACE] [NormalizingIdentifierHelperImpl:192] Normalizing identifier quoting for object name [telefono]
[2021-10-23 17:27:53] [ TRACE] [NormalizingIdentifierHelperImpl:158] Rendering unquoted identifier [telefono] in lower case for use in DatabaseMetaData
[2021-10-23 17:27:53] [ TRACE] [NormalizingIdentifierHelperImpl:192] Normalizing identifier quoting for object name [puesto]
[2021-10-23 17:27:53] [ TRACE] [NormalizingIdentifierHelperImpl:158] Rendering unquoted identifier [puesto] in lower case for use in DatabaseMetaData
[2021-10-23 17:27:53] [ TRACE] [NormalizingIdentifierHelperImpl:192] Normalizing identifier quoting for object name [cod_departamento]
[2021-10-23 17:27:53] [ TRACE] [NormalizingIdentifierHelperImpl:158] Rendering unquoted identifier [cod_departamento] in lower case for use in DatabaseMetaData
[2021-10-23 17:27:53] [ DEBUG] [Table:520] No alter strings for table : empleado
[2021-10-23 17:27:53] [ TRACE] [NormalizingIdentifierHelperImpl:192] Normalizing identifier quoting for object name [empleado]
[2021-10-23 17:27:53] [ TRACE] [NormalizingIdentifierHelperImpl:158] Rendering unquoted identifier [empleado] in lower case for use in DatabaseMetaData
[2021-10-23 17:27:53] [ TRACE] [UniqueConstraintSchemaUpdateStrategy:50] Interpreting UniqueConstraintSchemaUpdateStrategy from setting : null
[2021-10-23 17:27:53] [ TRACE] [NormalizingIdentifierHelperImpl:192] Normalizing identifier quoting for object name [empresa]
[2021-10-23 17:27:53] [ TRACE] [NormalizingIdentifierHelperImpl:158] Rendering unquoted identifier [empresa] in lower case for use in DatabaseMetaData
[2021-10-23 17:27:54] [ TRACE] [NormalizingIdentifierHelperImpl:192] Normalizing identifier quoting for object name [departamento]
[2021-10-23 17:27:54] [ TRACE] [NormalizingIdentifierHelperImpl:158] Rendering unquoted identifier [departamento] in lower case for use in DatabaseMetaData
[2021-10-23 17:27:54] [ TRACE] [NormalizingIdentifierHelperImpl:192] Normalizing identifier quoting for object name [codigo]
[2021-10-23 17:27:54] [ TRACE] [NormalizingIdentifierHelperImpl:158] Rendering unquoted identifier [codigo] in lower case for use in DatabaseMetaData
[2021-10-23 17:27:54] [ TRACE] [NormalizingIdentifierHelperImpl:192] Normalizing identifier quoting for object name [nombre]
[2021-10-23 17:27:54] [ TRACE] [NormalizingIdentifierHelperImpl:158] Rendering unquoted identifier [nombre] in lower case for use in DatabaseMetaData
[2021-10-23 17:27:54] [ TRACE] [NormalizingIdentifierHelperImpl:192] Normalizing identifier quoting for object name [cod_responsable]
[2021-10-23 17:27:54] [ TRACE] [NormalizingIdentifierHelperImpl:158] Rendering unquoted identifier [cod_responsable] in lower case for use in DatabaseMetaData
[2021-10-23 17:27:54] [ DEBUG] [Table:520] No alter strings for table : departamento
[2021-10-23 17:27:54] [ TRACE] [NormalizingIdentifierHelperImpl:192] Normalizing identifier quoting for object name [departamento]
[2021-10-23 17:27:54] [ TRACE] [NormalizingIdentifierHelperImpl:158] Rendering unquoted identifier [departamento] in lower case for use in DatabaseMetaData
[2021-10-23 17:27:54] [ TRACE] [NormalizingIdentifierHelperImpl:192] Normalizing identifier quoting for object name [empleado]
[2021-10-23 17:27:54] [ TRACE] [NormalizingIdentifierHelperImpl:158] Rendering unquoted identifier [empleado] in lower case for use in DatabaseMetaData
[2021-10-23 17:27:54] [ TRACE] [NormalizingIdentifierHelperImpl:192] Normalizing identifier quoting for object name [departamento]
[2021-10-23 17:27:54] [ TRACE] [NormalizingIdentifierHelperImpl:158] Rendering unquoted identifier [departamento] in lower case for use in DatabaseMetaData
[2021-10-23 17:27:54] [ DEBUG] [NamedQueryRepository:171] Checking 0 named HQL queries
[2021-10-23 17:27:54] [ DEBUG] [NamedQueryRepository:185] Checking 0 named SQL queries
[2021-10-23 17:27:54] [ DEBUG] [SessionFactoryServiceRegistryImpl:92] EventListenerRegistry access via ServiceRegistry is deprecated.  Use `sessionFactory.getEventEngine().getListenerRegistry()` instead
[2021-10-23 17:27:54] [ TRACE] [TypeConfiguration$Scope:202] Handling #sessionFactoryCreated from [org.hibernate.internal.SessionFactoryImpl@fb713e7] for TypeConfiguration
[2021-10-23 17:27:54] [ DEBUG] [SessionFactoryRegistry:51] Initializing SessionFactoryRegistry : org.hibernate.internal.SessionFactoryRegistry@6e60f18
[2021-10-23 17:27:54] [ TRACE] [AbstractServiceRegistryImpl:233] Initializing service [role=org.hibernate.engine.jndi.spi.JndiService]
[2021-10-23 17:27:54] [ DEBUG] [SessionFactoryRegistry:73] Registering SessionFactory: 4b160e17-4b41-40b6-9e9d-4ebfafca96cc (<unnamed>)
[2021-10-23 17:27:54] [ DEBUG] [SessionFactoryRegistry:80] Not binding SessionFactory to JNDI, no JNDI name configured
[2021-10-23 17:27:54] [ INFO ] [HibernateUtil:27] HibernateUtil.buildSessionFactory(): SessionFactory created.
[2021-10-23 17:27:54] [ TRACE] [SessionFactoryImpl$SessionBuilderImpl:1305] Opening Hibernate Session.  tenant=null
[2021-10-23 17:27:54] [ TRACE] [AbstractServiceRegistryImpl:233] Initializing service [role=org.hibernate.stat.spi.StatisticsImplementor]
[2021-10-23 17:27:54] [ DEBUG] [StatisticsInitiator:101] Statistics initialized [enabled=false]
[2021-10-23 17:27:54] [ TRACE] [AbstractServiceRegistryImpl:233] Initializing service [role=org.hibernate.jmx.spi.JmxService]
[2021-10-23 17:27:54] [ TRACE] [SessionImpl:291] Opened Session [1403eeac-9217-4952-b8aa-82899d276496] at timestamp: 1635002874102
[2021-10-23 17:27:54] [ DEBUG] [TransactionImpl:53] On TransactionImpl creation, JpaCompliance#isJpaTransactionComplianceEnabled == false
[2021-10-23 17:27:54] [ DEBUG] [TransactionImpl:81] begin
[2021-10-23 17:27:54] [ TRACE] [AbstractLogicalConnectionImplementor:71] Preparing to begin transaction via JDBC Connection.setAutoCommit(false)
[2021-10-23 17:27:54] [ TRACE] [AbstractLogicalConnectionImplementor:73] Transaction begun via JDBC Connection.setAutoCommit(false)
[2021-10-23 17:27:54] [ TRACE] [JdbcResourceLocalTransactionCoordinatorImpl:177] ResourceLocalTransactionCoordinatorImpl#afterBeginCallback
[2021-10-23 17:28:19] [ TRACE] [DefaultSaveOrUpdateEventListener:212] Updating detached instance
[2021-10-23 17:28:19] [ TRACE] [DefaultSaveOrUpdateEventListener:277] Updating [empresaHibernate.Departamento#6]
[2021-10-23 17:28:19] [ TRACE] [DefaultSaveOrUpdateEventListener:325] Updating [empresaHibernate.Departamento#6]
[2021-10-23 17:28:19] [ INFO ] [LibreriaMenu:294] Se ha actualizado la información de un departamento en la BD.
[2021-10-23 17:28:19] [ DEBUG] [TransactionImpl:98] committing
[2021-10-23 17:28:19] [ TRACE] [JdbcResourceLocalTransactionCoordinatorImpl:181] ResourceLocalTransactionCoordinatorImpl#beforeCompletionCallback
[2021-10-23 17:28:19] [ TRACE] [SessionImpl:2419] SessionImpl#beforeTransactionCompletion()
[2021-10-23 17:28:19] [ TRACE] [SessionImpl:492] Automatically flushing session
[2021-10-23 17:28:19] [ TRACE] [AbstractFlushingEventListener:75] Flushing session
[2021-10-23 17:28:19] [ DEBUG] [AbstractFlushingEventListener:140] Processing flush-time cascades
[2021-10-23 17:28:19] [ DEBUG] [AbstractFlushingEventListener:193] Dirty checking collections
[2021-10-23 17:28:19] [ TRACE] [AbstractFlushingEventListener:206] Flushing entities and processing referenced collections
[2021-10-23 17:28:19] [ TRACE] [DefaultFlushEntityEventListener:295] Updating entity: [empresaHibernate.Departamento#6]
[2021-10-23 17:28:19] [ TRACE] [AbstractFlushingEventListener:244] Processing unreferenced collections
[2021-10-23 17:28:19] [ TRACE] [AbstractFlushingEventListener:257] Scheduling collection removes/(re)creates/updates
[2021-10-23 17:28:19] [ DEBUG] [AbstractFlushingEventListener:114] Flushed: 0 insertions, 1 updates, 0 deletions to 1 objects
[2021-10-23 17:28:19] [ DEBUG] [AbstractFlushingEventListener:121] Flushed: 0 (re)creations, 0 updates, 0 removals to 0 collections
[2021-10-23 17:28:19] [ DEBUG] [EntityPrinter:110] Listing entities:
[2021-10-23 17:28:19] [ DEBUG] [EntityPrinter:117] empresaHibernate.Departamento{codigo=6, codResponsable=9556787, nombre=pepe}
[2021-10-23 17:28:19] [ TRACE] [AbstractFlushingEventListener:329] Executing flush
[2021-10-23 17:28:19] [ TRACE] [AbstractEntityPersister:3501] Updating entity: [empresaHibernate.Departamento#6]
[2021-10-23 17:28:19] [ DEBUG] [SQL:144] 
    update
        departamento 
    set
        nombre=?,
        cod_responsable=? 
    where
        codigo=?
[2021-10-23 17:28:19] [ TRACE] [ResourceRegistryStandardImpl:83] Registering statement [com.mysql.cj.jdbc.ClientPreparedStatement: update departamento set nombre=** NOT SPECIFIED **, cod_responsable=** NOT SPECIFIED ** where codigo=** NOT SPECIFIED **]
[2021-10-23 17:28:19] [ TRACE] [AbstractEntityPersister:3067] Dehydrating entity: [empresaHibernate.Departamento#6]
[2021-10-23 17:28:19] [ TRACE] [BasicBinder:64] binding parameter [1] as [VARCHAR] - [pepe]
[2021-10-23 17:28:19] [ TRACE] [BasicBinder:64] binding parameter [2] as [INTEGER] - [9556787]
[2021-10-23 17:28:19] [ TRACE] [BasicBinder:64] binding parameter [3] as [INTEGER] - [6]
[2021-10-23 17:28:19] [ TRACE] [ResourceRegistryStandardImpl:97] Releasing statement [com.mysql.cj.jdbc.ClientPreparedStatement: update departamento set nombre='pepe', cod_responsable=9556787 where codigo=6]
[2021-10-23 17:28:19] [ TRACE] [ResourceRegistryStandardImpl:180] Closing prepared statement [com.mysql.cj.jdbc.ClientPreparedStatement: update departamento set nombre='pepe', cod_responsable=9556787 where codigo=6]
[2021-10-23 17:28:19] [ TRACE] [JdbcCoordinatorImpl:256] Starting after statement execution processing [AFTER_TRANSACTION]
[2021-10-23 17:28:19] [ TRACE] [JdbcCoordinatorImpl:256] Starting after statement execution processing [AFTER_TRANSACTION]
[2021-10-23 17:28:19] [ TRACE] [AbstractFlushingEventListener:364] Post flush
[2021-10-23 17:28:19] [ TRACE] [AbstractLogicalConnectionImplementor:53] LogicalConnection#beforeTransactionCompletion
[2021-10-23 17:28:19] [ TRACE] [SynchronizationRegistryStandardImpl:55] SynchronizationRegistryStandardImpl.notifySynchronizationsBeforeTransactionCompletion
[2021-10-23 17:28:19] [ TRACE] [AbstractLogicalConnectionImplementor:85] Preparing to commit transaction via JDBC Connection.commit()
[2021-10-23 17:28:19] [ TRACE] [AbstractLogicalConnectionImplementor:88] Transaction committed via JDBC Connection.commit()
[2021-10-23 17:28:19] [ TRACE] [AbstractLogicalConnectionImplementor:58] LogicalConnection#afterTransaction
[2021-10-23 17:28:19] [ TRACE] [ResourceRegistryStandardImpl:322] Releasing JDBC resources
[2021-10-23 17:28:19] [ DEBUG] [LogicalConnectionManagedImpl:174] Initiating JDBC connection release from afterTransaction
[2021-10-23 17:28:19] [ TRACE] [ResourceRegistryStandardImpl:322] Releasing JDBC resources
[2021-10-23 17:28:19] [ TRACE] [JdbcResourceLocalTransactionCoordinatorImpl:199] ResourceLocalTransactionCoordinatorImpl#afterCompletionCallback(true)
[2021-10-23 17:28:19] [ TRACE] [SynchronizationRegistryStandardImpl:159] SynchronizationRegistryStandardImpl.notifySynchronizationsAfterTransactionCompletion(3)
[2021-10-23 17:28:19] [ TRACE] [AbstractLogicalConnectionImplementor:58] LogicalConnection#afterTransaction
[2021-10-23 17:28:19] [ TRACE] [ResourceRegistryStandardImpl:322] Releasing JDBC resources
[2021-10-23 17:28:19] [ DEBUG] [LogicalConnectionManagedImpl:174] Initiating JDBC connection release from afterTransaction
[2021-10-23 17:28:19] [ TRACE] [SessionImpl:2434] SessionImpl#afterTransactionCompletion(successful=true, delayed=false)
[2021-10-23 17:28:19] [ TRACE] [SessionImpl:407] Closing session [1403eeac-9217-4952-b8aa-82899d276496]
[2021-10-23 17:28:19] [ TRACE] [JdbcCoordinatorImpl:166] Closing JDBC container [org.hibernate.engine.jdbc.internal.JdbcCoordinatorImpl@52559a69]
[2021-10-23 17:28:19] [ TRACE] [ResourceRegistryStandardImpl:322] Releasing JDBC resources
[2021-10-23 17:28:19] [ TRACE] [LogicalConnectionManagedImpl:259] Closing logical connection
[2021-10-23 17:28:19] [ TRACE] [LogicalConnectionManagedImpl:266] Logical connection closed
[2021-10-23 17:28:19] [ TRACE] [SessionImpl:398] Already closed
[2021-10-23 17:28:19] [ INFO ] [LibreriaMenu:496] App.main(): >>>>>> Se acaba la ejecución del main.
[2021-10-23 17:28:23] [ DEBUG] [DriverManagerConnectionProviderImpl:284] Connection pool now considered primed; min-size will be maintained
